[0.015s] Invoking command in '/home/ubuntu/ros2_ws/src/gps/build/diagnostic_common_diagnostics': AMENT_PREFIX_PATH=/home/ubuntu/ros2_ws/src/gps/install/diagnostic_updater:${AMENT_PREFIX_PATH} CMAKE_PREFIX_PATH=/home/ubuntu/ros2_ws/src/gps/install/diagnostic_updater:/home/ubuntu/ros2_ws/src/test/gps/install/ublox_msgs:/home/ubuntu/ros2_ws/src/test/gps/install/ublox_serialization:/home/ubuntu/ros2_ws/src/test/gps/install/self_test:/home/ubuntu/ros2_ws/src/test/gps/install/diagnostic_common_diagnostics:/home/ubuntu/ros2_ws/src/test/gps/install/diagnostic_updater:/home/ubuntu/ros2_ws/src/test/gps/install/diagnostic_aggregator:/opt/ros/humble LD_LIBRARY_PATH=/home/ubuntu/ros2_ws/src/gps/install/diagnostic_updater/lib:${LD_LIBRARY_PATH} PYTHONPATH=/home/ubuntu/ros2_ws/src/gps/install/diagnostic_updater/local/lib/python3.10/dist-packages:${PYTHONPATH} /usr/bin/cmake /home/ubuntu/ros2_ws/src/gps/diagnostics/diagnostic_common_diagnostics -DAMENT_CMAKE_SYMLINK_INSTALL=1 -DCMAKE_INSTALL_PREFIX=/home/ubuntu/ros2_ws/src/gps/install/diagnostic_common_diagnostics
[0.100s] -- The C compiler identification is GNU 11.4.0
[0.187s] -- The CXX compiler identification is GNU 11.4.0
[0.199s] -- Detecting C compiler ABI info
[0.290s] -- Detecting C compiler ABI info - done
[0.312s] -- Check for working C compiler: /usr/bin/cc - skipped
[0.312s] -- Detecting C compile features
[0.313s] -- Detecting C compile features - done
[0.319s] -- Detecting CXX compiler ABI info
[0.427s] -- Detecting CXX compiler ABI info - done
[0.447s] -- Check for working CXX compiler: /usr/bin/c++ - skipped
[0.448s] -- Detecting CXX compile features
[0.449s] -- Detecting CXX compile features - done
[0.453s] -- Found ament_cmake: 1.3.8 (/opt/ros/humble/share/ament_cmake/cmake)
[0.692s] -- Found Python3: /usr/bin/python3 (found version "3.10.12") found components: Interpreter 
[0.792s] -- Override CMake install command with custom implementation using symlinks instead of copying resources
[0.976s] -- Found ament_lint_auto: 0.12.10 (/opt/ros/humble/share/ament_lint_auto/cmake)
[0.980s] -- Found launch_testing_ament_cmake: 1.0.5 (/opt/ros/humble/share/launch_testing_ament_cmake/cmake)
[0.984s] -- Found python_cmake_module: 0.10.0 (/opt/ros/humble/share/python_cmake_module/cmake)
[1.026s] -- Found PythonInterp: /usr/bin/python3 (found suitable version "3.10.12", minimum required is "3.6") 
[1.050s] -- Found PythonLibs: /usr/lib/x86_64-linux-gnu/libpython3.10.so (found suitable version "3.10.12", minimum required is "3.5") 
[1.050s] -- Using PYTHON_EXECUTABLE: /usr/bin/python3
[1.050s] -- Using PYTHON_INCLUDE_DIRS: /usr/include/python3.10
[1.050s] -- Using PYTHON_LIBRARIES: /usr/lib/x86_64-linux-gnu/libpython3.10.so
[1.087s] -- Found PythonExtra: .so  
[1.722s] -- Added test 'xmllint' to check XML markup files
[1.724s] -- Added test 'lint_cmake' to check CMake code style
[1.726s] -- Configuring done
[1.732s] -- Generating done
[1.734s] -- Build files have been written to: /home/ubuntu/ros2_ws/src/gps/build/diagnostic_common_diagnostics
[1.743s] Invoked command in '/home/ubuntu/ros2_ws/src/gps/build/diagnostic_common_diagnostics' returned '0': AMENT_PREFIX_PATH=/home/ubuntu/ros2_ws/src/gps/install/diagnostic_updater:${AMENT_PREFIX_PATH} CMAKE_PREFIX_PATH=/home/ubuntu/ros2_ws/src/gps/install/diagnostic_updater:/home/ubuntu/ros2_ws/src/test/gps/install/ublox_msgs:/home/ubuntu/ros2_ws/src/test/gps/install/ublox_serialization:/home/ubuntu/ros2_ws/src/test/gps/install/self_test:/home/ubuntu/ros2_ws/src/test/gps/install/diagnostic_common_diagnostics:/home/ubuntu/ros2_ws/src/test/gps/install/diagnostic_updater:/home/ubuntu/ros2_ws/src/test/gps/install/diagnostic_aggregator:/opt/ros/humble LD_LIBRARY_PATH=/home/ubuntu/ros2_ws/src/gps/install/diagnostic_updater/lib:${LD_LIBRARY_PATH} PYTHONPATH=/home/ubuntu/ros2_ws/src/gps/install/diagnostic_updater/local/lib/python3.10/dist-packages:${PYTHONPATH} /usr/bin/cmake /home/ubuntu/ros2_ws/src/gps/diagnostics/diagnostic_common_diagnostics -DAMENT_CMAKE_SYMLINK_INSTALL=1 -DCMAKE_INSTALL_PREFIX=/home/ubuntu/ros2_ws/src/gps/install/diagnostic_common_diagnostics
[1.744s] Invoking command in '/home/ubuntu/ros2_ws/src/gps/build/diagnostic_common_diagnostics': AMENT_PREFIX_PATH=/home/ubuntu/ros2_ws/src/gps/install/diagnostic_updater:${AMENT_PREFIX_PATH} CMAKE_PREFIX_PATH=/home/ubuntu/ros2_ws/src/gps/install/diagnostic_updater:/home/ubuntu/ros2_ws/src/test/gps/install/ublox_msgs:/home/ubuntu/ros2_ws/src/test/gps/install/ublox_serialization:/home/ubuntu/ros2_ws/src/test/gps/install/self_test:/home/ubuntu/ros2_ws/src/test/gps/install/diagnostic_common_diagnostics:/home/ubuntu/ros2_ws/src/test/gps/install/diagnostic_updater:/home/ubuntu/ros2_ws/src/test/gps/install/diagnostic_aggregator:/opt/ros/humble LD_LIBRARY_PATH=/home/ubuntu/ros2_ws/src/gps/install/diagnostic_updater/lib:${LD_LIBRARY_PATH} PYTHONPATH=/home/ubuntu/ros2_ws/src/gps/install/diagnostic_updater/local/lib/python3.10/dist-packages:${PYTHONPATH} /usr/bin/cmake --build /home/ubuntu/ros2_ws/src/gps/build/diagnostic_common_diagnostics -- -j1 -l1
[1.816s] Built target ament_cmake_python_symlink_diagnostic_common_diagnostics
[2.240s] running egg_info
[2.242s] creating diagnostic_common_diagnostics.egg-info
[2.242s] writing diagnostic_common_diagnostics.egg-info/PKG-INFO
[2.243s] writing dependency_links to diagnostic_common_diagnostics.egg-info/dependency_links.txt
[2.243s] writing top-level names to diagnostic_common_diagnostics.egg-info/top_level.txt
[2.243s] writing manifest file 'diagnostic_common_diagnostics.egg-info/SOURCES.txt'
[2.247s] reading manifest file 'diagnostic_common_diagnostics.egg-info/SOURCES.txt'
[2.248s] writing manifest file 'diagnostic_common_diagnostics.egg-info/SOURCES.txt'
[2.285s] Built target ament_cmake_python_build_diagnostic_common_diagnostics_egg
[2.299s] Invoked command in '/home/ubuntu/ros2_ws/src/gps/build/diagnostic_common_diagnostics' returned '0': AMENT_PREFIX_PATH=/home/ubuntu/ros2_ws/src/gps/install/diagnostic_updater:${AMENT_PREFIX_PATH} CMAKE_PREFIX_PATH=/home/ubuntu/ros2_ws/src/gps/install/diagnostic_updater:/home/ubuntu/ros2_ws/src/test/gps/install/ublox_msgs:/home/ubuntu/ros2_ws/src/test/gps/install/ublox_serialization:/home/ubuntu/ros2_ws/src/test/gps/install/self_test:/home/ubuntu/ros2_ws/src/test/gps/install/diagnostic_common_diagnostics:/home/ubuntu/ros2_ws/src/test/gps/install/diagnostic_updater:/home/ubuntu/ros2_ws/src/test/gps/install/diagnostic_aggregator:/opt/ros/humble LD_LIBRARY_PATH=/home/ubuntu/ros2_ws/src/gps/install/diagnostic_updater/lib:${LD_LIBRARY_PATH} PYTHONPATH=/home/ubuntu/ros2_ws/src/gps/install/diagnostic_updater/local/lib/python3.10/dist-packages:${PYTHONPATH} /usr/bin/cmake --build /home/ubuntu/ros2_ws/src/gps/build/diagnostic_common_diagnostics -- -j1 -l1
[2.329s] Invoking command in '/home/ubuntu/ros2_ws/src/gps/build/diagnostic_common_diagnostics': AMENT_PREFIX_PATH=/home/ubuntu/ros2_ws/src/gps/install/diagnostic_updater:${AMENT_PREFIX_PATH} CMAKE_PREFIX_PATH=/home/ubuntu/ros2_ws/src/gps/install/diagnostic_updater:/home/ubuntu/ros2_ws/src/test/gps/install/ublox_msgs:/home/ubuntu/ros2_ws/src/test/gps/install/ublox_serialization:/home/ubuntu/ros2_ws/src/test/gps/install/self_test:/home/ubuntu/ros2_ws/src/test/gps/install/diagnostic_common_diagnostics:/home/ubuntu/ros2_ws/src/test/gps/install/diagnostic_updater:/home/ubuntu/ros2_ws/src/test/gps/install/diagnostic_aggregator:/opt/ros/humble LD_LIBRARY_PATH=/home/ubuntu/ros2_ws/src/gps/install/diagnostic_updater/lib:${LD_LIBRARY_PATH} PYTHONPATH=/home/ubuntu/ros2_ws/src/gps/install/diagnostic_updater/local/lib/python3.10/dist-packages:${PYTHONPATH} /usr/bin/cmake --install /home/ubuntu/ros2_ws/src/gps/build/diagnostic_common_diagnostics
[2.339s] -- Install configuration: ""
[2.340s] -- Execute custom install script
[2.341s] -- Symlinking: /home/ubuntu/ros2_ws/src/gps/install/diagnostic_common_diagnostics/share/diagnostic_common_diagnostics/environment/pythonpath.sh
[2.352s] -- Symlinking: /home/ubuntu/ros2_ws/src/gps/install/diagnostic_common_diagnostics/share/diagnostic_common_diagnostics/environment/pythonpath.dsv
[2.363s] -- Symlinking: /home/ubuntu/ros2_ws/src/gps/install/diagnostic_common_diagnostics/local/lib/python3.10/dist-packages/diagnostic_common_diagnostics-3.2.0-py3.10.egg-info/PKG-INFO
[2.380s] -- Symlinking: /home/ubuntu/ros2_ws/src/gps/install/diagnostic_common_diagnostics/local/lib/python3.10/dist-packages/diagnostic_common_diagnostics-3.2.0-py3.10.egg-info/SOURCES.txt
[2.392s] -- Symlinking: /home/ubuntu/ros2_ws/src/gps/install/diagnostic_common_diagnostics/local/lib/python3.10/dist-packages/diagnostic_common_diagnostics-3.2.0-py3.10.egg-info/dependency_links.txt
[2.403s] -- Symlinking: /home/ubuntu/ros2_ws/src/gps/install/diagnostic_common_diagnostics/local/lib/python3.10/dist-packages/diagnostic_common_diagnostics-3.2.0-py3.10.egg-info/top_level.txt
[2.414s] -- Symlinking: /home/ubuntu/ros2_ws/src/gps/install/diagnostic_common_diagnostics/local/lib/python3.10/dist-packages/diagnostic_common_diagnostics/__init__.py
[2.425s] -- Symlinking: /home/ubuntu/ros2_ws/src/gps/install/diagnostic_common_diagnostics/local/lib/python3.10/dist-packages/diagnostic_common_diagnostics/cpu_monitor.py
[2.436s] -- Symlinking: /home/ubuntu/ros2_ws/src/gps/install/diagnostic_common_diagnostics/local/lib/python3.10/dist-packages/diagnostic_common_diagnostics/ntp_monitor.py
[2.447s] -- Symlinking: /home/ubuntu/ros2_ws/src/gps/install/diagnostic_common_diagnostics/lib/diagnostic_common_diagnostics/cpu_monitor.py
[2.458s] -- Symlinking: /home/ubuntu/ros2_ws/src/gps/install/diagnostic_common_diagnostics/lib/diagnostic_common_diagnostics/ntp_monitor.py
[2.471s] -- Symlinking: /home/ubuntu/ros2_ws/src/gps/install/diagnostic_common_diagnostics/share/ament_index/resource_index/package_run_dependencies/diagnostic_common_diagnostics
[2.484s] -- Symlinking: /home/ubuntu/ros2_ws/src/gps/install/diagnostic_common_diagnostics/share/ament_index/resource_index/parent_prefix_path/diagnostic_common_diagnostics
[2.495s] -- Symlinking: /home/ubuntu/ros2_ws/src/gps/install/diagnostic_common_diagnostics/share/diagnostic_common_diagnostics/environment/ament_prefix_path.sh
[2.506s] -- Symlinking: /home/ubuntu/ros2_ws/src/gps/install/diagnostic_common_diagnostics/share/diagnostic_common_diagnostics/environment/ament_prefix_path.dsv
[2.517s] -- Symlinking: /home/ubuntu/ros2_ws/src/gps/install/diagnostic_common_diagnostics/share/diagnostic_common_diagnostics/environment/path.sh
[2.528s] -- Symlinking: /home/ubuntu/ros2_ws/src/gps/install/diagnostic_common_diagnostics/share/diagnostic_common_diagnostics/environment/path.dsv
[2.539s] -- Symlinking: /home/ubuntu/ros2_ws/src/gps/install/diagnostic_common_diagnostics/share/diagnostic_common_diagnostics/local_setup.bash
[2.550s] -- Symlinking: /home/ubuntu/ros2_ws/src/gps/install/diagnostic_common_diagnostics/share/diagnostic_common_diagnostics/local_setup.sh
[2.561s] -- Symlinking: /home/ubuntu/ros2_ws/src/gps/install/diagnostic_common_diagnostics/share/diagnostic_common_diagnostics/local_setup.zsh
[2.573s] -- Symlinking: /home/ubuntu/ros2_ws/src/gps/install/diagnostic_common_diagnostics/share/diagnostic_common_diagnostics/local_setup.dsv
[2.585s] -- Symlinking: /home/ubuntu/ros2_ws/src/gps/install/diagnostic_common_diagnostics/share/diagnostic_common_diagnostics/package.dsv
[2.596s] -- Symlinking: /home/ubuntu/ros2_ws/src/gps/install/diagnostic_common_diagnostics/share/ament_index/resource_index/packages/diagnostic_common_diagnostics
[2.607s] -- Symlinking: /home/ubuntu/ros2_ws/src/gps/install/diagnostic_common_diagnostics/share/diagnostic_common_diagnostics/cmake/diagnostic_common_diagnosticsConfig.cmake
[2.618s] -- Symlinking: /home/ubuntu/ros2_ws/src/gps/install/diagnostic_common_diagnostics/share/diagnostic_common_diagnostics/cmake/diagnostic_common_diagnosticsConfig-version.cmake
[2.632s] -- Symlinking: /home/ubuntu/ros2_ws/src/gps/install/diagnostic_common_diagnostics/share/diagnostic_common_diagnostics/package.xml
[2.696s] Listing '/home/ubuntu/ros2_ws/src/gps/install/diagnostic_common_diagnostics/local/lib/python3.10/dist-packages/diagnostic_common_diagnostics'...
[2.697s] Compiling '/home/ubuntu/ros2_ws/src/gps/install/diagnostic_common_diagnostics/local/lib/python3.10/dist-packages/diagnostic_common_diagnostics/__init__.py'...
[2.697s] Compiling '/home/ubuntu/ros2_ws/src/gps/install/diagnostic_common_diagnostics/local/lib/python3.10/dist-packages/diagnostic_common_diagnostics/cpu_monitor.py'...
[2.697s] Compiling '/home/ubuntu/ros2_ws/src/gps/install/diagnostic_common_diagnostics/local/lib/python3.10/dist-packages/diagnostic_common_diagnostics/ntp_monitor.py'...
[2.709s] Invoked command in '/home/ubuntu/ros2_ws/src/gps/build/diagnostic_common_diagnostics' returned '0': AMENT_PREFIX_PATH=/home/ubuntu/ros2_ws/src/gps/install/diagnostic_updater:${AMENT_PREFIX_PATH} CMAKE_PREFIX_PATH=/home/ubuntu/ros2_ws/src/gps/install/diagnostic_updater:/home/ubuntu/ros2_ws/src/test/gps/install/ublox_msgs:/home/ubuntu/ros2_ws/src/test/gps/install/ublox_serialization:/home/ubuntu/ros2_ws/src/test/gps/install/self_test:/home/ubuntu/ros2_ws/src/test/gps/install/diagnostic_common_diagnostics:/home/ubuntu/ros2_ws/src/test/gps/install/diagnostic_updater:/home/ubuntu/ros2_ws/src/test/gps/install/diagnostic_aggregator:/opt/ros/humble LD_LIBRARY_PATH=/home/ubuntu/ros2_ws/src/gps/install/diagnostic_updater/lib:${LD_LIBRARY_PATH} PYTHONPATH=/home/ubuntu/ros2_ws/src/gps/install/diagnostic_updater/local/lib/python3.10/dist-packages:${PYTHONPATH} /usr/bin/cmake --install /home/ubuntu/ros2_ws/src/gps/build/diagnostic_common_diagnostics
