[0.016s] Invoking command in '/home/ubuntu/ros2_ws/src/gps/build/ublox_serialization': CMAKE_PREFIX_PATH=${CMAKE_PREFIX_PATH}:/opt/ros/humble /usr/bin/cmake /home/ubuntu/ros2_ws/src/gps/ublox-foxy-RTCM-correction-/ublox_serialization -DAMENT_CMAKE_SYMLINK_INSTALL=1 -DCMAKE_INSTALL_PREFIX=/home/ubuntu/ros2_ws/src/gps/install/ublox_serialization
[0.131s] -- The C compiler identification is GNU 11.4.0
[0.214s] -- The CXX compiler identification is GNU 11.4.0
[0.225s] -- Detecting C compiler ABI info
[0.312s] -- Detecting C compiler ABI info - done
[0.332s] -- Check for working C compiler: /usr/bin/cc - skipped
[0.332s] -- Detecting C compile features
[0.333s] -- Detecting C compile features - done
[0.339s] -- Detecting CXX compiler ABI info
[0.446s] -- Detecting CXX compiler ABI info - done
[0.470s] -- Check for working CXX compiler: /usr/bin/c++ - skipped
[0.471s] -- Detecting CXX compile features
[0.472s] -- Detecting CXX compile features - done
[0.476s] -- Found ament_cmake: 1.3.8 (/opt/ros/humble/share/ament_cmake/cmake)
[0.703s] -- Found Python3: /usr/bin/python3 (found version "3.10.12") found components: Interpreter 
[0.801s] -- Override CMake install command with custom implementation using symlinks instead of copying resources
[0.948s] -- Configuring done
[0.952s] -- Generating done
[0.954s] -- Build files have been written to: /home/ubuntu/ros2_ws/src/gps/build/ublox_serialization
[0.960s] Invoked command in '/home/ubuntu/ros2_ws/src/gps/build/ublox_serialization' returned '0': CMAKE_PREFIX_PATH=${CMAKE_PREFIX_PATH}:/opt/ros/humble /usr/bin/cmake /home/ubuntu/ros2_ws/src/gps/ublox-foxy-RTCM-correction-/ublox_serialization -DAMENT_CMAKE_SYMLINK_INSTALL=1 -DCMAKE_INSTALL_PREFIX=/home/ubuntu/ros2_ws/src/gps/install/ublox_serialization
[0.961s] Invoking command in '/home/ubuntu/ros2_ws/src/gps/build/ublox_serialization': CMAKE_PREFIX_PATH=${CMAKE_PREFIX_PATH}:/opt/ros/humble /usr/bin/cmake --build /home/ubuntu/ros2_ws/src/gps/build/ublox_serialization -- -j1 -l1
[1.009s] Invoked command in '/home/ubuntu/ros2_ws/src/gps/build/ublox_serialization' returned '0': CMAKE_PREFIX_PATH=${CMAKE_PREFIX_PATH}:/opt/ros/humble /usr/bin/cmake --build /home/ubuntu/ros2_ws/src/gps/build/ublox_serialization -- -j1 -l1
[1.037s] Invoking command in '/home/ubuntu/ros2_ws/src/gps/build/ublox_serialization': CMAKE_PREFIX_PATH=${CMAKE_PREFIX_PATH}:/opt/ros/humble /usr/bin/cmake --install /home/ubuntu/ros2_ws/src/gps/build/ublox_serialization
[1.048s] -- Install configuration: ""
[1.049s] -- Execute custom install script
[1.050s] -- Symlinking: /home/ubuntu/ros2_ws/src/gps/install/ublox_serialization/include/ublox_serialization/ublox_serialization/checksum.hpp
[1.060s] -- Symlinking: /home/ubuntu/ros2_ws/src/gps/install/ublox_serialization/include/ublox_serialization/ublox_serialization/serialization.hpp
[1.072s] -- Symlinking: /home/ubuntu/ros2_ws/src/gps/install/ublox_serialization/share/ament_index/resource_index/package_run_dependencies/ublox_serialization
[1.083s] -- Symlinking: /home/ubuntu/ros2_ws/src/gps/install/ublox_serialization/share/ament_index/resource_index/parent_prefix_path/ublox_serialization
[1.094s] -- Symlinking: /home/ubuntu/ros2_ws/src/gps/install/ublox_serialization/share/ublox_serialization/environment/ament_prefix_path.sh
[1.104s] -- Symlinking: /home/ubuntu/ros2_ws/src/gps/install/ublox_serialization/share/ublox_serialization/environment/ament_prefix_path.dsv
[1.115s] -- Symlinking: /home/ubuntu/ros2_ws/src/gps/install/ublox_serialization/share/ublox_serialization/environment/path.sh
[1.126s] -- Symlinking: /home/ubuntu/ros2_ws/src/gps/install/ublox_serialization/share/ublox_serialization/environment/path.dsv
[1.136s] -- Symlinking: /home/ubuntu/ros2_ws/src/gps/install/ublox_serialization/share/ublox_serialization/local_setup.bash
[1.147s] -- Symlinking: /home/ubuntu/ros2_ws/src/gps/install/ublox_serialization/share/ublox_serialization/local_setup.sh
[1.157s] -- Symlinking: /home/ubuntu/ros2_ws/src/gps/install/ublox_serialization/share/ublox_serialization/local_setup.zsh
[1.168s] -- Symlinking: /home/ubuntu/ros2_ws/src/gps/install/ublox_serialization/share/ublox_serialization/local_setup.dsv
[1.180s] -- Symlinking: /home/ubuntu/ros2_ws/src/gps/install/ublox_serialization/share/ublox_serialization/package.dsv
[1.190s] -- Symlinking: /home/ubuntu/ros2_ws/src/gps/install/ublox_serialization/share/ament_index/resource_index/packages/ublox_serialization
[1.201s] -- Symlinking: /home/ubuntu/ros2_ws/src/gps/install/ublox_serialization/share/ublox_serialization/cmake/ament_cmake_export_include_directories-extras.cmake
[1.212s] -- Symlinking: /home/ubuntu/ros2_ws/src/gps/install/ublox_serialization/share/ublox_serialization/cmake/ament_cmake_export_targets-extras.cmake
[1.223s] -- Symlinking: /home/ubuntu/ros2_ws/src/gps/install/ublox_serialization/share/ublox_serialization/cmake/ublox_serializationConfig.cmake
[1.233s] -- Symlinking: /home/ubuntu/ros2_ws/src/gps/install/ublox_serialization/share/ublox_serialization/cmake/ublox_serializationConfig-version.cmake
[1.244s] -- Symlinking: /home/ubuntu/ros2_ws/src/gps/install/ublox_serialization/share/ublox_serialization/package.xml
[1.254s] -- Installing: /home/ubuntu/ros2_ws/src/gps/install/ublox_serialization/share/ublox_serialization/cmake/export_ublox_serializationExport.cmake
[1.259s] Invoked command in '/home/ubuntu/ros2_ws/src/gps/build/ublox_serialization' returned '0': CMAKE_PREFIX_PATH=${CMAKE_PREFIX_PATH}:/opt/ros/humble /usr/bin/cmake --install /home/ubuntu/ros2_ws/src/gps/build/ublox_serialization
