running develop
/usr/lib/python3/dist-packages/setuptools/command/easy_install.py:158: EasyInstallDeprecationWarning: easy_install command is deprecated. Use build and pip and other standards-based tools.
  warnings.warn(
running egg_info
creating src/ntrip_client.egg-info
writing src/ntrip_client.egg-info/PKG-INFO
writing dependency_links to src/ntrip_client.egg-info/dependency_links.txt
writing requirements to src/ntrip_client.egg-info/requires.txt
writing top-level names to src/ntrip_client.egg-info/top_level.txt
writing manifest file 'src/ntrip_client.egg-info/SOURCES.txt'
reading manifest file 'src/ntrip_client.egg-info/SOURCES.txt'
writing manifest file 'src/ntrip_client.egg-info/SOURCES.txt'
running build_ext
Creating /home/ubuntu/ros2_ws/src/gps/install/ntrip_client/lib/python3.10/site-packages/ntrip-client.egg-link (link to src)
Installing ntrip_ros.py script to /home/ubuntu/ros2_ws/src/gps/install/ntrip_client/lib/ntrip_client

Installed /home/ubuntu/ros2_ws/src/gps/build/ntrip_client/src
running symlink_data
creating /home/ubuntu/ros2_ws/src/gps/install/ntrip_client/share/ament_index
creating /home/ubuntu/ros2_ws/src/gps/install/ntrip_client/share/ament_index/resource_index
creating /home/ubuntu/ros2_ws/src/gps/install/ntrip_client/share/ament_index/resource_index/packages
symbolically linking /home/ubuntu/ros2_ws/src/gps/build/ntrip_client/resource/ntrip_client -> /home/ubuntu/ros2_ws/src/gps/install/ntrip_client/share/ament_index/resource_index/packages
symbolically linking /home/ubuntu/ros2_ws/src/gps/build/ntrip_client/package.xml -> /home/ubuntu/ros2_ws/src/gps/install/ntrip_client/share/ntrip_client
symbolically linking /home/ubuntu/ros2_ws/src/gps/build/ntrip_client/launch/ntrip_client_launch.py -> /home/ubuntu/ros2_ws/src/gps/install/ntrip_client/share/ntrip_client
