[1.006s] Invoking command in '/home/ubuntu/ros2_ws/src/gps/build/ntrip_client': PYTHONPATH=/home/ubuntu/ros2_ws/src/gps/build/ntrip_client/prefix_override:/home/ubuntu/ros2_ws/src/gps/install/ntrip_client/lib/python3.10/site-packages:${PYTHONPATH} /usr/bin/python3 -W ignore:setup.py install is deprecated setup.py develop --editable --build-directory /home/ubuntu/ros2_ws/src/gps/build/ntrip_client/build --no-deps symlink_data
[1.475s] running develop
[1.475s] /usr/lib/python3/dist-packages/setuptools/command/easy_install.py:158: EasyInstallDeprecationWarning: easy_install command is deprecated. Use build and pip and other standards-based tools.
[1.476s]   warnings.warn(
[1.753s] running egg_info
[1.753s] creating src/ntrip_client.egg-info
[1.754s] writing src/ntrip_client.egg-info/PKG-INFO
[1.754s] writing dependency_links to src/ntrip_client.egg-info/dependency_links.txt
[1.755s] writing requirements to src/ntrip_client.egg-info/requires.txt
[1.755s] writing top-level names to src/ntrip_client.egg-info/top_level.txt
[1.755s] writing manifest file 'src/ntrip_client.egg-info/SOURCES.txt'
[1.759s] reading manifest file 'src/ntrip_client.egg-info/SOURCES.txt'
[1.760s] writing manifest file 'src/ntrip_client.egg-info/SOURCES.txt'
[1.762s] running build_ext
[1.763s] Creating /home/ubuntu/ros2_ws/src/gps/install/ntrip_client/lib/python3.10/site-packages/ntrip-client.egg-link (link to src)
[1.765s] Installing ntrip_ros.py script to /home/ubuntu/ros2_ws/src/gps/install/ntrip_client/lib/ntrip_client
[1.765s] 
[1.766s] Installed /home/ubuntu/ros2_ws/src/gps/build/ntrip_client/src
[1.766s] running symlink_data
[1.766s] creating /home/ubuntu/ros2_ws/src/gps/install/ntrip_client/share/ament_index
[1.766s] creating /home/ubuntu/ros2_ws/src/gps/install/ntrip_client/share/ament_index/resource_index
[1.767s] creating /home/ubuntu/ros2_ws/src/gps/install/ntrip_client/share/ament_index/resource_index/packages
[1.767s] symbolically linking /home/ubuntu/ros2_ws/src/gps/build/ntrip_client/resource/ntrip_client -> /home/ubuntu/ros2_ws/src/gps/install/ntrip_client/share/ament_index/resource_index/packages
[1.767s] symbolically linking /home/ubuntu/ros2_ws/src/gps/build/ntrip_client/package.xml -> /home/ubuntu/ros2_ws/src/gps/install/ntrip_client/share/ntrip_client
[1.768s] symbolically linking /home/ubuntu/ros2_ws/src/gps/build/ntrip_client/launch/ntrip_client_launch.py -> /home/ubuntu/ros2_ws/src/gps/install/ntrip_client/share/ntrip_client
[1.805s] Invoked command in '/home/ubuntu/ros2_ws/src/gps/build/ntrip_client' returned '0': PYTHONPATH=/home/ubuntu/ros2_ws/src/gps/build/ntrip_client/prefix_override:/home/ubuntu/ros2_ws/src/gps/install/ntrip_client/lib/python3.10/site-packages:${PYTHONPATH} /usr/bin/python3 -W ignore:setup.py install is deprecated setup.py develop --editable --build-directory /home/ubuntu/ros2_ws/src/gps/build/ntrip_client/build --no-deps symlink_data
