[0.021s] Invoking command in '/home/ubuntu/ros2_ws/src/gps/build/diagnostic_aggregator': CMAKE_PREFIX_PATH=${CMAKE_PREFIX_PATH}:/opt/ros/humble /usr/bin/cmake /home/ubuntu/ros2_ws/src/gps/diagnostics/diagnostic_aggregator -DAMENT_CMAKE_SYMLINK_INSTALL=1 -DCMAKE_INSTALL_PREFIX=/home/ubuntu/ros2_ws/src/gps/install/diagnostic_aggregator
[0.112s] -- The C compiler identification is GNU 11.4.0
[0.204s] -- The CXX compiler identification is GNU 11.4.0
[0.216s] -- Detecting C compiler ABI info
[0.347s] -- Detecting C compiler ABI info - done
[0.397s] -- Check for working C compiler: /usr/bin/cc - skipped
[0.399s] -- Detecting C compile features
[0.402s] -- Detecting C compile features - done
[0.411s] -- Detecting CXX compiler ABI info
[0.532s] -- Detecting CXX compiler ABI info - done
[0.554s] -- Check for working CXX compiler: /usr/bin/c++ - skipped
[0.555s] -- Detecting CXX compile features
[0.556s] -- Detecting CXX compile features - done
[0.560s] -- Found ament_cmake: 1.3.8 (/opt/ros/humble/share/ament_cmake/cmake)
[0.815s] -- Found Python3: /usr/bin/python3 (found version "3.10.12") found components: Interpreter 
[0.943s] -- Override CMake install command with custom implementation using symlinks instead of copying resources
[0.998s] -- Found diagnostic_msgs: 4.2.3 (/opt/ros/humble/share/diagnostic_msgs/cmake)
[1.069s] -- Found rosidl_generator_c: 3.1.5 (/opt/ros/humble/share/rosidl_generator_c/cmake)
[1.081s] -- Found rosidl_adapter: 3.1.5 (/opt/ros/humble/share/rosidl_adapter/cmake)
[1.099s] -- Found rosidl_generator_cpp: 3.1.5 (/opt/ros/humble/share/rosidl_generator_cpp/cmake)
[1.134s] -- Using all available rosidl_typesupport_c: rosidl_typesupport_fastrtps_c;rosidl_typesupport_introspection_c
[1.180s] -- Using all available rosidl_typesupport_cpp: rosidl_typesupport_fastrtps_cpp;rosidl_typesupport_introspection_cpp
[1.457s] -- Found pluginlib: 5.1.0 (/opt/ros/humble/share/pluginlib/cmake)
[1.506s] -- Found rclcpp: 16.0.8 (/opt/ros/humble/share/rclcpp/cmake)
[1.630s] -- Found rmw_implementation_cmake: 6.1.1 (/opt/ros/humble/share/rmw_implementation_cmake/cmake)
[1.635s] -- Found rmw_fastrtps_cpp: 6.2.6 (/opt/ros/humble/share/rmw_fastrtps_cpp/cmake)
[1.718s] -- Found TinyXML2 via Config file: TinyXML2_DIR-NOTFOUND
[1.796s] -- Found OpenSSL: /usr/lib/x86_64-linux-gnu/libcrypto.so (found version "3.0.2")  
[1.802s] -- Found TinyXML2 via Config file: TinyXML2_DIR-NOTFOUND
[1.834s] -- Found FastRTPS: /opt/ros/humble/include  
[1.857s] -- Found TinyXML2 via Config file: TinyXML2_DIR-NOTFOUND
[1.878s] -- Found TinyXML2 via Config file: TinyXML2_DIR-NOTFOUND
[1.907s] -- Using RMW implementation 'rmw_fastrtps_cpp' as default
[1.936s] -- Looking for pthread.h
[2.047s] -- Looking for pthread.h - found
[2.048s] -- Performing Test CMAKE_HAVE_LIBC_PTHREAD
[2.156s] -- Performing Test CMAKE_HAVE_LIBC_PTHREAD - Success
[2.158s] -- Found Threads: TRUE  
[2.546s] -- Found ament_lint_auto: 0.12.10 (/opt/ros/humble/share/ament_lint_auto/cmake)
[2.762s] -- Found python_cmake_module: 0.10.0 (/opt/ros/humble/share/python_cmake_module/cmake)
[2.798s] -- Found PythonInterp: /usr/bin/python3 (found suitable version "3.10.12", minimum required is "3.6") 
[2.809s] -- Found PythonLibs: /usr/lib/x86_64-linux-gnu/libpython3.10.so (found suitable version "3.10.12", minimum required is "3.5") 
[2.809s] -- Using PYTHON_EXECUTABLE: /usr/bin/python3
[2.809s] -- Using PYTHON_INCLUDE_DIRS: /usr/include/python3.10
[2.810s] -- Using PYTHON_LIBRARIES: /usr/lib/x86_64-linux-gnu/libpython3.10.so
[2.844s] -- Found PythonExtra: .so  
[3.428s] -- Added test 'cppcheck' to perform static code analysis on C / C++ code
[3.429s] -- Configured cppcheck include dirs: $<BUILD_INTERFACE:/home/ubuntu/ros2_ws/src/gps/diagnostics/diagnostic_aggregator/include>
[3.429s] -- Configured cppcheck exclude dirs and/or files: 
[3.433s] -- Added test 'cpplint' to check C / C++ code against the Google style
[3.433s] -- Configured cpplint exclude dirs and/or files: 
[3.435s] -- Added test 'flake8' to check Python code syntax and style conventions
[3.437s] -- Added test 'lint_cmake' to check CMake code style
[3.438s] -- Added test 'pep257' to check Python code against some of the docstring style conventions in PEP 257
[3.442s] -- Added test 'uncrustify' to check C / C++ code style
[3.442s] -- Configured uncrustify additional arguments: 
[3.444s] -- Added test 'xmllint' to check XML markup files
[3.449s] -- Configuring done
[3.479s] -- Generating done
[3.483s] -- Build files have been written to: /home/ubuntu/ros2_ws/src/gps/build/diagnostic_aggregator
[3.499s] Invoked command in '/home/ubuntu/ros2_ws/src/gps/build/diagnostic_aggregator' returned '0': CMAKE_PREFIX_PATH=${CMAKE_PREFIX_PATH}:/opt/ros/humble /usr/bin/cmake /home/ubuntu/ros2_ws/src/gps/diagnostics/diagnostic_aggregator -DAMENT_CMAKE_SYMLINK_INSTALL=1 -DCMAKE_INSTALL_PREFIX=/home/ubuntu/ros2_ws/src/gps/install/diagnostic_aggregator
[3.500s] Invoking command in '/home/ubuntu/ros2_ws/src/gps/build/diagnostic_aggregator': CMAKE_PREFIX_PATH=${CMAKE_PREFIX_PATH}:/opt/ros/humble /usr/bin/cmake --build /home/ubuntu/ros2_ws/src/gps/build/diagnostic_aggregator -- -j1 -l1
[3.565s] [ 10%] [32mBuilding CXX object CMakeFiles/diagnostic_aggregator.dir/src/status_item.cpp.o[0m
[7.958s] [ 20%] [32mBuilding CXX object CMakeFiles/diagnostic_aggregator.dir/src/analyzer_group.cpp.o[0m
[16.946s] [ 30%] [32mBuilding CXX object CMakeFiles/diagnostic_aggregator.dir/src/aggregator.cpp.o[0m
[31.613s] [ 40%] [32m[1mLinking CXX shared library libdiagnostic_aggregator.so[0m
[32.498s] [ 40%] Built target diagnostic_aggregator
[32.522s] [ 50%] [32mBuilding CXX object CMakeFiles/diagnostic_aggregator_analyzers.dir/src/generic_analyzer.cpp.o[0m
[39.781s] [ 60%] [32mBuilding CXX object CMakeFiles/diagnostic_aggregator_analyzers.dir/src/discard_analyzer.cpp.o[0m
[44.301s] [ 70%] [32mBuilding CXX object CMakeFiles/diagnostic_aggregator_analyzers.dir/src/ignore_analyzer.cpp.o[0m
[48.774s] [ 80%] [32m[1mLinking CXX shared library libdiagnostic_aggregator_analyzers.so[0m
[49.248s] [ 80%] Built target diagnostic_aggregator_analyzers
[49.273s] [ 90%] [32mBuilding CXX object CMakeFiles/aggregator_node.dir/src/aggregator_node.cpp.o[0m
[54.466s] [100%] [32m[1mLinking CXX executable aggregator_node[0m
[54.802s] [100%] Built target aggregator_node
[54.838s] [100%] Built target ament_cmake_python_symlink_diagnostic_aggregator
[56.992s] running egg_info
[57.023s] creating diagnostic_aggregator.egg-info
[57.029s] writing diagnostic_aggregator.egg-info/PKG-INFO
[57.032s] writing dependency_links to diagnostic_aggregator.egg-info/dependency_links.txt
[57.034s] writing top-level names to diagnostic_aggregator.egg-info/top_level.txt
[57.041s] writing manifest file 'diagnostic_aggregator.egg-info/SOURCES.txt'
[57.069s] reading manifest file 'diagnostic_aggregator.egg-info/SOURCES.txt'
[57.078s] writing manifest file 'diagnostic_aggregator.egg-info/SOURCES.txt'
[57.145s] [100%] Built target ament_cmake_python_build_diagnostic_aggregator_egg
[57.165s] Invoked command in '/home/ubuntu/ros2_ws/src/gps/build/diagnostic_aggregator' returned '0': CMAKE_PREFIX_PATH=${CMAKE_PREFIX_PATH}:/opt/ros/humble /usr/bin/cmake --build /home/ubuntu/ros2_ws/src/gps/build/diagnostic_aggregator -- -j1 -l1
[57.250s] Invoking command in '/home/ubuntu/ros2_ws/src/gps/build/diagnostic_aggregator': CMAKE_PREFIX_PATH=${CMAKE_PREFIX_PATH}:/opt/ros/humble /usr/bin/cmake --install /home/ubuntu/ros2_ws/src/gps/build/diagnostic_aggregator
[57.265s] -- Install configuration: ""
[57.266s] -- Execute custom install script
[57.267s] -- Symlinking: /home/ubuntu/ros2_ws/src/gps/install/diagnostic_aggregator/lib/diagnostic_aggregator/aggregator_node
[57.283s] -- Symlinking: /home/ubuntu/ros2_ws/src/gps/install/diagnostic_aggregator/include/diagnostic_aggregator/aggregator.hpp
[57.296s] -- Symlinking: /home/ubuntu/ros2_ws/src/gps/install/diagnostic_aggregator/include/diagnostic_aggregator/analyzer.hpp
[57.312s] -- Symlinking: /home/ubuntu/ros2_ws/src/gps/install/diagnostic_aggregator/include/diagnostic_aggregator/analyzer_group.hpp
[57.341s] -- Symlinking: /home/ubuntu/ros2_ws/src/gps/install/diagnostic_aggregator/include/diagnostic_aggregator/discard_analyzer.hpp
[57.359s] -- Symlinking: /home/ubuntu/ros2_ws/src/gps/install/diagnostic_aggregator/include/diagnostic_aggregator/generic_analyzer.hpp
[57.374s] -- Symlinking: /home/ubuntu/ros2_ws/src/gps/install/diagnostic_aggregator/include/diagnostic_aggregator/generic_analyzer_base.hpp
[57.390s] -- Symlinking: /home/ubuntu/ros2_ws/src/gps/install/diagnostic_aggregator/include/diagnostic_aggregator/ignore_analyzer.hpp
[57.408s] -- Symlinking: /home/ubuntu/ros2_ws/src/gps/install/diagnostic_aggregator/include/diagnostic_aggregator/other_analyzer.hpp
[57.426s] -- Symlinking: /home/ubuntu/ros2_ws/src/gps/install/diagnostic_aggregator/include/diagnostic_aggregator/status_item.hpp
[57.445s] -- Symlinking: /home/ubuntu/ros2_ws/src/gps/install/diagnostic_aggregator/include/diagnostic_aggregator/visibility_control.hpp
[57.462s] -- Symlinking: /home/ubuntu/ros2_ws/src/gps/install/diagnostic_aggregator/share/diagnostic_aggregator/environment/pythonpath.sh
[57.476s] -- Symlinking: /home/ubuntu/ros2_ws/src/gps/install/diagnostic_aggregator/share/diagnostic_aggregator/environment/pythonpath.dsv
[57.493s] -- Symlinking: /home/ubuntu/ros2_ws/src/gps/install/diagnostic_aggregator/local/lib/python3.10/dist-packages/diagnostic_aggregator-3.2.0-py3.10.egg-info/PKG-INFO
[57.509s] -- Symlinking: /home/ubuntu/ros2_ws/src/gps/install/diagnostic_aggregator/local/lib/python3.10/dist-packages/diagnostic_aggregator-3.2.0-py3.10.egg-info/SOURCES.txt
[57.523s] -- Symlinking: /home/ubuntu/ros2_ws/src/gps/install/diagnostic_aggregator/local/lib/python3.10/dist-packages/diagnostic_aggregator-3.2.0-py3.10.egg-info/dependency_links.txt
[57.538s] -- Symlinking: /home/ubuntu/ros2_ws/src/gps/install/diagnostic_aggregator/local/lib/python3.10/dist-packages/diagnostic_aggregator-3.2.0-py3.10.egg-info/top_level.txt
[57.551s] -- Symlinking: /home/ubuntu/ros2_ws/src/gps/install/diagnostic_aggregator/local/lib/python3.10/dist-packages/diagnostic_aggregator/__init__.py
[57.564s] -- Symlinking: /home/ubuntu/ros2_ws/src/gps/install/diagnostic_aggregator/share/diagnostic_aggregator/example.launch.py
[57.579s] -- Symlinking: /home/ubuntu/ros2_ws/src/gps/install/diagnostic_aggregator/lib/diagnostic_aggregator/example_pub.py
[57.595s] -- Symlinking: /home/ubuntu/ros2_ws/src/gps/install/diagnostic_aggregator/share/diagnostic_aggregator/example_analyzers.yaml
[57.614s] -- Symlinking: /home/ubuntu/ros2_ws/src/gps/install/diagnostic_aggregator/share/diagnostic_aggregator//plugin_description.xml
[57.627s] -- Symlinking: /home/ubuntu/ros2_ws/src/gps/install/diagnostic_aggregator/share/diagnostic_aggregator/environment/library_path.sh
[57.642s] -- Symlinking: /home/ubuntu/ros2_ws/src/gps/install/diagnostic_aggregator/share/diagnostic_aggregator/environment/library_path.dsv
[57.656s] -- Symlinking: /home/ubuntu/ros2_ws/src/gps/install/diagnostic_aggregator/share/ament_index/resource_index/package_run_dependencies/diagnostic_aggregator
[57.669s] -- Symlinking: /home/ubuntu/ros2_ws/src/gps/install/diagnostic_aggregator/share/ament_index/resource_index/parent_prefix_path/diagnostic_aggregator
[57.683s] -- Symlinking: /home/ubuntu/ros2_ws/src/gps/install/diagnostic_aggregator/share/diagnostic_aggregator/environment/ament_prefix_path.sh
[57.695s] -- Symlinking: /home/ubuntu/ros2_ws/src/gps/install/diagnostic_aggregator/share/diagnostic_aggregator/environment/ament_prefix_path.dsv
[57.707s] -- Symlinking: /home/ubuntu/ros2_ws/src/gps/install/diagnostic_aggregator/share/diagnostic_aggregator/environment/path.sh
[57.723s] -- Symlinking: /home/ubuntu/ros2_ws/src/gps/install/diagnostic_aggregator/share/diagnostic_aggregator/environment/path.dsv
[57.737s] -- Symlinking: /home/ubuntu/ros2_ws/src/gps/install/diagnostic_aggregator/share/diagnostic_aggregator/local_setup.bash
[57.749s] -- Symlinking: /home/ubuntu/ros2_ws/src/gps/install/diagnostic_aggregator/share/diagnostic_aggregator/local_setup.sh
[57.761s] -- Symlinking: /home/ubuntu/ros2_ws/src/gps/install/diagnostic_aggregator/share/diagnostic_aggregator/local_setup.zsh
[57.772s] -- Symlinking: /home/ubuntu/ros2_ws/src/gps/install/diagnostic_aggregator/share/diagnostic_aggregator/local_setup.dsv
[57.783s] -- Symlinking: /home/ubuntu/ros2_ws/src/gps/install/diagnostic_aggregator/share/diagnostic_aggregator/package.dsv
[57.794s] -- Symlinking: /home/ubuntu/ros2_ws/src/gps/install/diagnostic_aggregator/share/ament_index/resource_index/packages/diagnostic_aggregator
[57.806s] -- Symlinking: /home/ubuntu/ros2_ws/src/gps/install/diagnostic_aggregator/share/ament_index/resource_index/diagnostic_aggregator__pluginlib__plugin/diagnostic_aggregator
[57.817s] -- Symlinking: /home/ubuntu/ros2_ws/src/gps/install/diagnostic_aggregator/share/diagnostic_aggregator/cmake/ament_cmake_export_targets-extras.cmake
[57.832s] -- Symlinking: /home/ubuntu/ros2_ws/src/gps/install/diagnostic_aggregator/share/diagnostic_aggregator/cmake/ament_cmake_export_include_directories-extras.cmake
[57.844s] -- Symlinking: /home/ubuntu/ros2_ws/src/gps/install/diagnostic_aggregator/share/diagnostic_aggregator/cmake/ament_cmake_export_dependencies-extras.cmake
[57.855s] -- Symlinking: /home/ubuntu/ros2_ws/src/gps/install/diagnostic_aggregator/share/diagnostic_aggregator/cmake/diagnostic_aggregatorConfig.cmake
[57.870s] -- Symlinking: /home/ubuntu/ros2_ws/src/gps/install/diagnostic_aggregator/share/diagnostic_aggregator/cmake/diagnostic_aggregatorConfig-version.cmake
[57.882s] -- Symlinking: /home/ubuntu/ros2_ws/src/gps/install/diagnostic_aggregator/share/diagnostic_aggregator/package.xml
[57.893s] -- Installing: /home/ubuntu/ros2_ws/src/gps/install/diagnostic_aggregator/lib/libdiagnostic_aggregator.so
[57.904s] -- Set runtime path of "/home/ubuntu/ros2_ws/src/gps/install/diagnostic_aggregator/lib/libdiagnostic_aggregator.so" to ""
[57.904s] -- Installing: /home/ubuntu/ros2_ws/src/gps/install/diagnostic_aggregator/lib/libdiagnostic_aggregator_analyzers.so
[57.906s] -- Set runtime path of "/home/ubuntu/ros2_ws/src/gps/install/diagnostic_aggregator/lib/libdiagnostic_aggregator_analyzers.so" to ""
[57.960s] Listing '/home/ubuntu/ros2_ws/src/gps/install/diagnostic_aggregator/local/lib/python3.10/dist-packages/diagnostic_aggregator'...
[57.960s] Compiling '/home/ubuntu/ros2_ws/src/gps/install/diagnostic_aggregator/local/lib/python3.10/dist-packages/diagnostic_aggregator/__init__.py'...
[57.967s] -- Installing: /home/ubuntu/ros2_ws/src/gps/install/diagnostic_aggregator/share/diagnostic_aggregator/cmake/diagnostic_aggregatorTargetsExport.cmake
[57.967s] -- Installing: /home/ubuntu/ros2_ws/src/gps/install/diagnostic_aggregator/share/diagnostic_aggregator/cmake/diagnostic_aggregatorTargetsExport-noconfig.cmake
[57.971s] Invoked command in '/home/ubuntu/ros2_ws/src/gps/build/diagnostic_aggregator' returned '0': CMAKE_PREFIX_PATH=${CMAKE_PREFIX_PATH}:/opt/ros/humble /usr/bin/cmake --install /home/ubuntu/ros2_ws/src/gps/build/diagnostic_aggregator
