[0.023s] Invoking command in '/home/ubuntu/ros2_ws/src/gps/build/diagnostics': AMENT_PREFIX_PATH=/home/ubuntu/ros2_ws/src/gps/install/self_test:/home/ubuntu/ros2_ws/src/gps/install/diagnostic_common_diagnostics:/home/ubuntu/ros2_ws/src/gps/install/diagnostic_updater:/home/ubuntu/ros2_ws/src/gps/install/diagnostic_aggregator:${AMENT_PREFIX_PATH} CMAKE_PREFIX_PATH=/home/ubuntu/ros2_ws/src/gps/install/self_test:/home/ubuntu/ros2_ws/src/gps/install/diagnostic_common_diagnostics:/home/ubuntu/ros2_ws/src/gps/install/diagnostic_updater:/home/ubuntu/ros2_ws/src/gps/install/diagnostic_aggregator:/home/ubuntu/ros2_ws/src/test/gps/install/ublox_msgs:/home/ubuntu/ros2_ws/src/test/gps/install/ublox_serialization:/home/ubuntu/ros2_ws/src/test/gps/install/self_test:/home/ubuntu/ros2_ws/src/test/gps/install/diagnostic_common_diagnostics:/home/ubuntu/ros2_ws/src/test/gps/install/diagnostic_updater:/home/ubuntu/ros2_ws/src/test/gps/install/diagnostic_aggregator:/opt/ros/humble LD_LIBRARY_PATH=/home/ubuntu/ros2_ws/src/gps/install/diagnostic_updater/lib:/home/ubuntu/ros2_ws/src/gps/install/diagnostic_aggregator/lib:${LD_LIBRARY_PATH} PYTHONPATH=/home/ubuntu/ros2_ws/src/gps/install/diagnostic_common_diagnostics/local/lib/python3.10/dist-packages:/home/ubuntu/ros2_ws/src/gps/install/diagnostic_updater/local/lib/python3.10/dist-packages:/home/ubuntu/ros2_ws/src/gps/install/diagnostic_aggregator/local/lib/python3.10/dist-packages:${PYTHONPATH} /usr/bin/cmake /home/ubuntu/ros2_ws/src/gps/diagnostics/diagnostics -DAMENT_CMAKE_SYMLINK_INSTALL=1 -DCMAKE_INSTALL_PREFIX=/home/ubuntu/ros2_ws/src/gps/install/diagnostics
[0.102s] -- The C compiler identification is GNU 11.4.0
[0.188s] -- The CXX compiler identification is GNU 11.4.0
[0.199s] -- Detecting C compiler ABI info
[0.290s] -- Detecting C compiler ABI info - done
[0.309s] -- Check for working C compiler: /usr/bin/cc - skipped
[0.310s] -- Detecting C compile features
[0.311s] -- Detecting C compile features - done
[0.317s] -- Detecting CXX compiler ABI info
[0.425s] -- Detecting CXX compiler ABI info - done
[0.446s] -- Check for working CXX compiler: /usr/bin/c++ - skipped
[0.447s] -- Detecting CXX compile features
[0.448s] -- Detecting CXX compile features - done
[0.453s] -- Found ament_cmake: 1.3.8 (/opt/ros/humble/share/ament_cmake/cmake)
[0.697s] -- Found Python3: /usr/bin/python3 (found version "3.10.12") found components: Interpreter 
[0.799s] -- Override CMake install command with custom implementation using symlinks instead of copying resources
[0.964s] -- Configuring done
[0.968s] -- Generating done
[0.970s] -- Build files have been written to: /home/ubuntu/ros2_ws/src/gps/build/diagnostics
[0.976s] Invoked command in '/home/ubuntu/ros2_ws/src/gps/build/diagnostics' returned '0': AMENT_PREFIX_PATH=/home/ubuntu/ros2_ws/src/gps/install/self_test:/home/ubuntu/ros2_ws/src/gps/install/diagnostic_common_diagnostics:/home/ubuntu/ros2_ws/src/gps/install/diagnostic_updater:/home/ubuntu/ros2_ws/src/gps/install/diagnostic_aggregator:${AMENT_PREFIX_PATH} CMAKE_PREFIX_PATH=/home/ubuntu/ros2_ws/src/gps/install/self_test:/home/ubuntu/ros2_ws/src/gps/install/diagnostic_common_diagnostics:/home/ubuntu/ros2_ws/src/gps/install/diagnostic_updater:/home/ubuntu/ros2_ws/src/gps/install/diagnostic_aggregator:/home/ubuntu/ros2_ws/src/test/gps/install/ublox_msgs:/home/ubuntu/ros2_ws/src/test/gps/install/ublox_serialization:/home/ubuntu/ros2_ws/src/test/gps/install/self_test:/home/ubuntu/ros2_ws/src/test/gps/install/diagnostic_common_diagnostics:/home/ubuntu/ros2_ws/src/test/gps/install/diagnostic_updater:/home/ubuntu/ros2_ws/src/test/gps/install/diagnostic_aggregator:/opt/ros/humble LD_LIBRARY_PATH=/home/ubuntu/ros2_ws/src/gps/install/diagnostic_updater/lib:/home/ubuntu/ros2_ws/src/gps/install/diagnostic_aggregator/lib:${LD_LIBRARY_PATH} PYTHONPATH=/home/ubuntu/ros2_ws/src/gps/install/diagnostic_common_diagnostics/local/lib/python3.10/dist-packages:/home/ubuntu/ros2_ws/src/gps/install/diagnostic_updater/local/lib/python3.10/dist-packages:/home/ubuntu/ros2_ws/src/gps/install/diagnostic_aggregator/local/lib/python3.10/dist-packages:${PYTHONPATH} /usr/bin/cmake /home/ubuntu/ros2_ws/src/gps/diagnostics/diagnostics -DAMENT_CMAKE_SYMLINK_INSTALL=1 -DCMAKE_INSTALL_PREFIX=/home/ubuntu/ros2_ws/src/gps/install/diagnostics
[0.977s] Invoking command in '/home/ubuntu/ros2_ws/src/gps/build/diagnostics': AMENT_PREFIX_PATH=/home/ubuntu/ros2_ws/src/gps/install/self_test:/home/ubuntu/ros2_ws/src/gps/install/diagnostic_common_diagnostics:/home/ubuntu/ros2_ws/src/gps/install/diagnostic_updater:/home/ubuntu/ros2_ws/src/gps/install/diagnostic_aggregator:${AMENT_PREFIX_PATH} CMAKE_PREFIX_PATH=/home/ubuntu/ros2_ws/src/gps/install/self_test:/home/ubuntu/ros2_ws/src/gps/install/diagnostic_common_diagnostics:/home/ubuntu/ros2_ws/src/gps/install/diagnostic_updater:/home/ubuntu/ros2_ws/src/gps/install/diagnostic_aggregator:/home/ubuntu/ros2_ws/src/test/gps/install/ublox_msgs:/home/ubuntu/ros2_ws/src/test/gps/install/ublox_serialization:/home/ubuntu/ros2_ws/src/test/gps/install/self_test:/home/ubuntu/ros2_ws/src/test/gps/install/diagnostic_common_diagnostics:/home/ubuntu/ros2_ws/src/test/gps/install/diagnostic_updater:/home/ubuntu/ros2_ws/src/test/gps/install/diagnostic_aggregator:/opt/ros/humble LD_LIBRARY_PATH=/home/ubuntu/ros2_ws/src/gps/install/diagnostic_updater/lib:/home/ubuntu/ros2_ws/src/gps/install/diagnostic_aggregator/lib:${LD_LIBRARY_PATH} PYTHONPATH=/home/ubuntu/ros2_ws/src/gps/install/diagnostic_common_diagnostics/local/lib/python3.10/dist-packages:/home/ubuntu/ros2_ws/src/gps/install/diagnostic_updater/local/lib/python3.10/dist-packages:/home/ubuntu/ros2_ws/src/gps/install/diagnostic_aggregator/local/lib/python3.10/dist-packages:${PYTHONPATH} /usr/bin/cmake --build /home/ubuntu/ros2_ws/src/gps/build/diagnostics -- -j1 -l1
[1.028s] Invoked command in '/home/ubuntu/ros2_ws/src/gps/build/diagnostics' returned '0': AMENT_PREFIX_PATH=/home/ubuntu/ros2_ws/src/gps/install/self_test:/home/ubuntu/ros2_ws/src/gps/install/diagnostic_common_diagnostics:/home/ubuntu/ros2_ws/src/gps/install/diagnostic_updater:/home/ubuntu/ros2_ws/src/gps/install/diagnostic_aggregator:${AMENT_PREFIX_PATH} CMAKE_PREFIX_PATH=/home/ubuntu/ros2_ws/src/gps/install/self_test:/home/ubuntu/ros2_ws/src/gps/install/diagnostic_common_diagnostics:/home/ubuntu/ros2_ws/src/gps/install/diagnostic_updater:/home/ubuntu/ros2_ws/src/gps/install/diagnostic_aggregator:/home/ubuntu/ros2_ws/src/test/gps/install/ublox_msgs:/home/ubuntu/ros2_ws/src/test/gps/install/ublox_serialization:/home/ubuntu/ros2_ws/src/test/gps/install/self_test:/home/ubuntu/ros2_ws/src/test/gps/install/diagnostic_common_diagnostics:/home/ubuntu/ros2_ws/src/test/gps/install/diagnostic_updater:/home/ubuntu/ros2_ws/src/test/gps/install/diagnostic_aggregator:/opt/ros/humble LD_LIBRARY_PATH=/home/ubuntu/ros2_ws/src/gps/install/diagnostic_updater/lib:/home/ubuntu/ros2_ws/src/gps/install/diagnostic_aggregator/lib:${LD_LIBRARY_PATH} PYTHONPATH=/home/ubuntu/ros2_ws/src/gps/install/diagnostic_common_diagnostics/local/lib/python3.10/dist-packages:/home/ubuntu/ros2_ws/src/gps/install/diagnostic_updater/local/lib/python3.10/dist-packages:/home/ubuntu/ros2_ws/src/gps/install/diagnostic_aggregator/local/lib/python3.10/dist-packages:${PYTHONPATH} /usr/bin/cmake --build /home/ubuntu/ros2_ws/src/gps/build/diagnostics -- -j1 -l1
[1.057s] Invoking command in '/home/ubuntu/ros2_ws/src/gps/build/diagnostics': AMENT_PREFIX_PATH=/home/ubuntu/ros2_ws/src/gps/install/self_test:/home/ubuntu/ros2_ws/src/gps/install/diagnostic_common_diagnostics:/home/ubuntu/ros2_ws/src/gps/install/diagnostic_updater:/home/ubuntu/ros2_ws/src/gps/install/diagnostic_aggregator:${AMENT_PREFIX_PATH} CMAKE_PREFIX_PATH=/home/ubuntu/ros2_ws/src/gps/install/self_test:/home/ubuntu/ros2_ws/src/gps/install/diagnostic_common_diagnostics:/home/ubuntu/ros2_ws/src/gps/install/diagnostic_updater:/home/ubuntu/ros2_ws/src/gps/install/diagnostic_aggregator:/home/ubuntu/ros2_ws/src/test/gps/install/ublox_msgs:/home/ubuntu/ros2_ws/src/test/gps/install/ublox_serialization:/home/ubuntu/ros2_ws/src/test/gps/install/self_test:/home/ubuntu/ros2_ws/src/test/gps/install/diagnostic_common_diagnostics:/home/ubuntu/ros2_ws/src/test/gps/install/diagnostic_updater:/home/ubuntu/ros2_ws/src/test/gps/install/diagnostic_aggregator:/opt/ros/humble LD_LIBRARY_PATH=/home/ubuntu/ros2_ws/src/gps/install/diagnostic_updater/lib:/home/ubuntu/ros2_ws/src/gps/install/diagnostic_aggregator/lib:${LD_LIBRARY_PATH} PYTHONPATH=/home/ubuntu/ros2_ws/src/gps/install/diagnostic_common_diagnostics/local/lib/python3.10/dist-packages:/home/ubuntu/ros2_ws/src/gps/install/diagnostic_updater/local/lib/python3.10/dist-packages:/home/ubuntu/ros2_ws/src/gps/install/diagnostic_aggregator/local/lib/python3.10/dist-packages:${PYTHONPATH} /usr/bin/cmake --install /home/ubuntu/ros2_ws/src/gps/build/diagnostics
[1.067s] -- Install configuration: ""
[1.069s] -- Execute custom install script
[1.069s] -- Symlinking: /home/ubuntu/ros2_ws/src/gps/install/diagnostics/share/ament_index/resource_index/package_run_dependencies/diagnostics
[1.080s] -- Symlinking: /home/ubuntu/ros2_ws/src/gps/install/diagnostics/share/ament_index/resource_index/parent_prefix_path/diagnostics
[1.092s] -- Symlinking: /home/ubuntu/ros2_ws/src/gps/install/diagnostics/share/diagnostics/environment/ament_prefix_path.sh
[1.103s] -- Symlinking: /home/ubuntu/ros2_ws/src/gps/install/diagnostics/share/diagnostics/environment/ament_prefix_path.dsv
[1.114s] -- Symlinking: /home/ubuntu/ros2_ws/src/gps/install/diagnostics/share/diagnostics/environment/path.sh
[1.127s] -- Symlinking: /home/ubuntu/ros2_ws/src/gps/install/diagnostics/share/diagnostics/environment/path.dsv
[1.139s] -- Symlinking: /home/ubuntu/ros2_ws/src/gps/install/diagnostics/share/diagnostics/local_setup.bash
[1.150s] -- Symlinking: /home/ubuntu/ros2_ws/src/gps/install/diagnostics/share/diagnostics/local_setup.sh
[1.161s] -- Symlinking: /home/ubuntu/ros2_ws/src/gps/install/diagnostics/share/diagnostics/local_setup.zsh
[1.173s] -- Symlinking: /home/ubuntu/ros2_ws/src/gps/install/diagnostics/share/diagnostics/local_setup.dsv
[1.184s] -- Symlinking: /home/ubuntu/ros2_ws/src/gps/install/diagnostics/share/diagnostics/package.dsv
[1.196s] -- Symlinking: /home/ubuntu/ros2_ws/src/gps/install/diagnostics/share/ament_index/resource_index/packages/diagnostics
[1.207s] -- Symlinking: /home/ubuntu/ros2_ws/src/gps/install/diagnostics/share/diagnostics/cmake/diagnosticsConfig.cmake
[1.219s] -- Symlinking: /home/ubuntu/ros2_ws/src/gps/install/diagnostics/share/diagnostics/cmake/diagnosticsConfig-version.cmake
[1.231s] -- Symlinking: /home/ubuntu/ros2_ws/src/gps/install/diagnostics/share/diagnostics/package.xml
[1.248s] Invoked command in '/home/ubuntu/ros2_ws/src/gps/build/diagnostics' returned '0': AMENT_PREFIX_PATH=/home/ubuntu/ros2_ws/src/gps/install/self_test:/home/ubuntu/ros2_ws/src/gps/install/diagnostic_common_diagnostics:/home/ubuntu/ros2_ws/src/gps/install/diagnostic_updater:/home/ubuntu/ros2_ws/src/gps/install/diagnostic_aggregator:${AMENT_PREFIX_PATH} CMAKE_PREFIX_PATH=/home/ubuntu/ros2_ws/src/gps/install/self_test:/home/ubuntu/ros2_ws/src/gps/install/diagnostic_common_diagnostics:/home/ubuntu/ros2_ws/src/gps/install/diagnostic_updater:/home/ubuntu/ros2_ws/src/gps/install/diagnostic_aggregator:/home/ubuntu/ros2_ws/src/test/gps/install/ublox_msgs:/home/ubuntu/ros2_ws/src/test/gps/install/ublox_serialization:/home/ubuntu/ros2_ws/src/test/gps/install/self_test:/home/ubuntu/ros2_ws/src/test/gps/install/diagnostic_common_diagnostics:/home/ubuntu/ros2_ws/src/test/gps/install/diagnostic_updater:/home/ubuntu/ros2_ws/src/test/gps/install/diagnostic_aggregator:/opt/ros/humble LD_LIBRARY_PATH=/home/ubuntu/ros2_ws/src/gps/install/diagnostic_updater/lib:/home/ubuntu/ros2_ws/src/gps/install/diagnostic_aggregator/lib:${LD_LIBRARY_PATH} PYTHONPATH=/home/ubuntu/ros2_ws/src/gps/install/diagnostic_common_diagnostics/local/lib/python3.10/dist-packages:/home/ubuntu/ros2_ws/src/gps/install/diagnostic_updater/local/lib/python3.10/dist-packages:/home/ubuntu/ros2_ws/src/gps/install/diagnostic_aggregator/local/lib/python3.10/dist-packages:${PYTHONPATH} /usr/bin/cmake --install /home/ubuntu/ros2_ws/src/gps/build/diagnostics
