[0.024s] Invoking command in '/home/ubuntu/ros2_ws/src/gps/build/ublox': AMENT_PREFIX_PATH=/home/ubuntu/ros2_ws/src/gps/install/ublox_gps:/home/ubuntu/ros2_ws/src/gps/install/ublox_msgs:/home/ubuntu/ros2_ws/src/gps/install/ublox_serialization:/home/ubuntu/ros2_ws/src/gps/install/diagnostic_updater:${AMENT_PREFIX_PATH} CMAKE_PREFIX_PATH=/home/ubuntu/ros2_ws/src/gps/install/ublox_gps:/home/ubuntu/ros2_ws/src/gps/install/ublox_msgs:/home/ubuntu/ros2_ws/src/gps/install/ublox_serialization:/home/ubuntu/ros2_ws/src/gps/install/diagnostic_updater:/home/ubuntu/ros2_ws/src/test/gps/install/ublox_msgs:/home/ubuntu/ros2_ws/src/test/gps/install/ublox_serialization:/home/ubuntu/ros2_ws/src/test/gps/install/self_test:/home/ubuntu/ros2_ws/src/test/gps/install/diagnostic_common_diagnostics:/home/ubuntu/ros2_ws/src/test/gps/install/diagnostic_updater:/home/ubuntu/ros2_ws/src/test/gps/install/diagnostic_aggregator:/opt/ros/humble LD_LIBRARY_PATH=/home/ubuntu/ros2_ws/src/gps/install/ublox_gps/lib:/home/ubuntu/ros2_ws/src/gps/install/ublox_msgs/lib:/home/ubuntu/ros2_ws/src/gps/install/diagnostic_updater/lib:${LD_LIBRARY_PATH} PYTHONPATH=/home/ubuntu/ros2_ws/src/gps/install/ublox_msgs/local/lib/python3.10/dist-packages:/home/ubuntu/ros2_ws/src/gps/install/diagnostic_updater/local/lib/python3.10/dist-packages:${PYTHONPATH} /usr/bin/cmake /home/ubuntu/ros2_ws/src/gps/ublox-foxy-RTCM-correction-/ublox -DAMENT_CMAKE_SYMLINK_INSTALL=1 -DCMAKE_INSTALL_PREFIX=/home/ubuntu/ros2_ws/src/gps/install/ublox
[0.111s] -- The C compiler identification is GNU 11.4.0
[0.199s] -- The CXX compiler identification is GNU 11.4.0
[0.211s] -- Detecting C compiler ABI info
[0.306s] -- Detecting C compiler ABI info - done
[0.328s] -- Check for working C compiler: /usr/bin/cc - skipped
[0.329s] -- Detecting C compile features
[0.331s] -- Detecting C compile features - done
[0.339s] -- Detecting CXX compiler ABI info
[0.456s] -- Detecting CXX compiler ABI info - done
[0.477s] -- Check for working CXX compiler: /usr/bin/c++ - skipped
[0.478s] -- Detecting CXX compile features
[0.479s] -- Detecting CXX compile features - done
[0.484s] -- Found ament_cmake: 1.3.8 (/opt/ros/humble/share/ament_cmake/cmake)
[0.733s] -- Found Python3: /usr/bin/python3 (found version "3.10.12") found components: Interpreter 
[0.837s] -- Override CMake install command with custom implementation using symlinks instead of copying resources
[0.998s] -- Configuring done
[1.002s] -- Generating done
[1.004s] -- Build files have been written to: /home/ubuntu/ros2_ws/src/gps/build/ublox
[1.011s] Invoked command in '/home/ubuntu/ros2_ws/src/gps/build/ublox' returned '0': AMENT_PREFIX_PATH=/home/ubuntu/ros2_ws/src/gps/install/ublox_gps:/home/ubuntu/ros2_ws/src/gps/install/ublox_msgs:/home/ubuntu/ros2_ws/src/gps/install/ublox_serialization:/home/ubuntu/ros2_ws/src/gps/install/diagnostic_updater:${AMENT_PREFIX_PATH} CMAKE_PREFIX_PATH=/home/ubuntu/ros2_ws/src/gps/install/ublox_gps:/home/ubuntu/ros2_ws/src/gps/install/ublox_msgs:/home/ubuntu/ros2_ws/src/gps/install/ublox_serialization:/home/ubuntu/ros2_ws/src/gps/install/diagnostic_updater:/home/ubuntu/ros2_ws/src/test/gps/install/ublox_msgs:/home/ubuntu/ros2_ws/src/test/gps/install/ublox_serialization:/home/ubuntu/ros2_ws/src/test/gps/install/self_test:/home/ubuntu/ros2_ws/src/test/gps/install/diagnostic_common_diagnostics:/home/ubuntu/ros2_ws/src/test/gps/install/diagnostic_updater:/home/ubuntu/ros2_ws/src/test/gps/install/diagnostic_aggregator:/opt/ros/humble LD_LIBRARY_PATH=/home/ubuntu/ros2_ws/src/gps/install/ublox_gps/lib:/home/ubuntu/ros2_ws/src/gps/install/ublox_msgs/lib:/home/ubuntu/ros2_ws/src/gps/install/diagnostic_updater/lib:${LD_LIBRARY_PATH} PYTHONPATH=/home/ubuntu/ros2_ws/src/gps/install/ublox_msgs/local/lib/python3.10/dist-packages:/home/ubuntu/ros2_ws/src/gps/install/diagnostic_updater/local/lib/python3.10/dist-packages:${PYTHONPATH} /usr/bin/cmake /home/ubuntu/ros2_ws/src/gps/ublox-foxy-RTCM-correction-/ublox -DAMENT_CMAKE_SYMLINK_INSTALL=1 -DCMAKE_INSTALL_PREFIX=/home/ubuntu/ros2_ws/src/gps/install/ublox
[1.011s] Invoking command in '/home/ubuntu/ros2_ws/src/gps/build/ublox': AMENT_PREFIX_PATH=/home/ubuntu/ros2_ws/src/gps/install/ublox_gps:/home/ubuntu/ros2_ws/src/gps/install/ublox_msgs:/home/ubuntu/ros2_ws/src/gps/install/ublox_serialization:/home/ubuntu/ros2_ws/src/gps/install/diagnostic_updater:${AMENT_PREFIX_PATH} CMAKE_PREFIX_PATH=/home/ubuntu/ros2_ws/src/gps/install/ublox_gps:/home/ubuntu/ros2_ws/src/gps/install/ublox_msgs:/home/ubuntu/ros2_ws/src/gps/install/ublox_serialization:/home/ubuntu/ros2_ws/src/gps/install/diagnostic_updater:/home/ubuntu/ros2_ws/src/test/gps/install/ublox_msgs:/home/ubuntu/ros2_ws/src/test/gps/install/ublox_serialization:/home/ubuntu/ros2_ws/src/test/gps/install/self_test:/home/ubuntu/ros2_ws/src/test/gps/install/diagnostic_common_diagnostics:/home/ubuntu/ros2_ws/src/test/gps/install/diagnostic_updater:/home/ubuntu/ros2_ws/src/test/gps/install/diagnostic_aggregator:/opt/ros/humble LD_LIBRARY_PATH=/home/ubuntu/ros2_ws/src/gps/install/ublox_gps/lib:/home/ubuntu/ros2_ws/src/gps/install/ublox_msgs/lib:/home/ubuntu/ros2_ws/src/gps/install/diagnostic_updater/lib:${LD_LIBRARY_PATH} PYTHONPATH=/home/ubuntu/ros2_ws/src/gps/install/ublox_msgs/local/lib/python3.10/dist-packages:/home/ubuntu/ros2_ws/src/gps/install/diagnostic_updater/local/lib/python3.10/dist-packages:${PYTHONPATH} /usr/bin/cmake --build /home/ubuntu/ros2_ws/src/gps/build/ublox -- -j1 -l1
[1.065s] Invoked command in '/home/ubuntu/ros2_ws/src/gps/build/ublox' returned '0': AMENT_PREFIX_PATH=/home/ubuntu/ros2_ws/src/gps/install/ublox_gps:/home/ubuntu/ros2_ws/src/gps/install/ublox_msgs:/home/ubuntu/ros2_ws/src/gps/install/ublox_serialization:/home/ubuntu/ros2_ws/src/gps/install/diagnostic_updater:${AMENT_PREFIX_PATH} CMAKE_PREFIX_PATH=/home/ubuntu/ros2_ws/src/gps/install/ublox_gps:/home/ubuntu/ros2_ws/src/gps/install/ublox_msgs:/home/ubuntu/ros2_ws/src/gps/install/ublox_serialization:/home/ubuntu/ros2_ws/src/gps/install/diagnostic_updater:/home/ubuntu/ros2_ws/src/test/gps/install/ublox_msgs:/home/ubuntu/ros2_ws/src/test/gps/install/ublox_serialization:/home/ubuntu/ros2_ws/src/test/gps/install/self_test:/home/ubuntu/ros2_ws/src/test/gps/install/diagnostic_common_diagnostics:/home/ubuntu/ros2_ws/src/test/gps/install/diagnostic_updater:/home/ubuntu/ros2_ws/src/test/gps/install/diagnostic_aggregator:/opt/ros/humble LD_LIBRARY_PATH=/home/ubuntu/ros2_ws/src/gps/install/ublox_gps/lib:/home/ubuntu/ros2_ws/src/gps/install/ublox_msgs/lib:/home/ubuntu/ros2_ws/src/gps/install/diagnostic_updater/lib:${LD_LIBRARY_PATH} PYTHONPATH=/home/ubuntu/ros2_ws/src/gps/install/ublox_msgs/local/lib/python3.10/dist-packages:/home/ubuntu/ros2_ws/src/gps/install/diagnostic_updater/local/lib/python3.10/dist-packages:${PYTHONPATH} /usr/bin/cmake --build /home/ubuntu/ros2_ws/src/gps/build/ublox -- -j1 -l1
[1.094s] Invoking command in '/home/ubuntu/ros2_ws/src/gps/build/ublox': AMENT_PREFIX_PATH=/home/ubuntu/ros2_ws/src/gps/install/ublox_gps:/home/ubuntu/ros2_ws/src/gps/install/ublox_msgs:/home/ubuntu/ros2_ws/src/gps/install/ublox_serialization:/home/ubuntu/ros2_ws/src/gps/install/diagnostic_updater:${AMENT_PREFIX_PATH} CMAKE_PREFIX_PATH=/home/ubuntu/ros2_ws/src/gps/install/ublox_gps:/home/ubuntu/ros2_ws/src/gps/install/ublox_msgs:/home/ubuntu/ros2_ws/src/gps/install/ublox_serialization:/home/ubuntu/ros2_ws/src/gps/install/diagnostic_updater:/home/ubuntu/ros2_ws/src/test/gps/install/ublox_msgs:/home/ubuntu/ros2_ws/src/test/gps/install/ublox_serialization:/home/ubuntu/ros2_ws/src/test/gps/install/self_test:/home/ubuntu/ros2_ws/src/test/gps/install/diagnostic_common_diagnostics:/home/ubuntu/ros2_ws/src/test/gps/install/diagnostic_updater:/home/ubuntu/ros2_ws/src/test/gps/install/diagnostic_aggregator:/opt/ros/humble LD_LIBRARY_PATH=/home/ubuntu/ros2_ws/src/gps/install/ublox_gps/lib:/home/ubuntu/ros2_ws/src/gps/install/ublox_msgs/lib:/home/ubuntu/ros2_ws/src/gps/install/diagnostic_updater/lib:${LD_LIBRARY_PATH} PYTHONPATH=/home/ubuntu/ros2_ws/src/gps/install/ublox_msgs/local/lib/python3.10/dist-packages:/home/ubuntu/ros2_ws/src/gps/install/diagnostic_updater/local/lib/python3.10/dist-packages:${PYTHONPATH} /usr/bin/cmake --install /home/ubuntu/ros2_ws/src/gps/build/ublox
[1.105s] -- Install configuration: ""
[1.106s] -- Execute custom install script
[1.106s] -- Symlinking: /home/ubuntu/ros2_ws/src/gps/install/ublox/share/ament_index/resource_index/package_run_dependencies/ublox
[1.118s] -- Symlinking: /home/ubuntu/ros2_ws/src/gps/install/ublox/share/ament_index/resource_index/parent_prefix_path/ublox
[1.130s] -- Symlinking: /home/ubuntu/ros2_ws/src/gps/install/ublox/share/ublox/environment/ament_prefix_path.sh
[1.144s] -- Symlinking: /home/ubuntu/ros2_ws/src/gps/install/ublox/share/ublox/environment/ament_prefix_path.dsv
[1.155s] -- Symlinking: /home/ubuntu/ros2_ws/src/gps/install/ublox/share/ublox/environment/path.sh
[1.167s] -- Symlinking: /home/ubuntu/ros2_ws/src/gps/install/ublox/share/ublox/environment/path.dsv
[1.179s] -- Symlinking: /home/ubuntu/ros2_ws/src/gps/install/ublox/share/ublox/local_setup.bash
[1.190s] -- Symlinking: /home/ubuntu/ros2_ws/src/gps/install/ublox/share/ublox/local_setup.sh
[1.202s] -- Symlinking: /home/ubuntu/ros2_ws/src/gps/install/ublox/share/ublox/local_setup.zsh
[1.213s] -- Symlinking: /home/ubuntu/ros2_ws/src/gps/install/ublox/share/ublox/local_setup.dsv
[1.225s] -- Symlinking: /home/ubuntu/ros2_ws/src/gps/install/ublox/share/ublox/package.dsv
[1.239s] -- Symlinking: /home/ubuntu/ros2_ws/src/gps/install/ublox/share/ament_index/resource_index/packages/ublox
[1.251s] -- Symlinking: /home/ubuntu/ros2_ws/src/gps/install/ublox/share/ublox/cmake/ubloxConfig.cmake
[1.263s] -- Symlinking: /home/ubuntu/ros2_ws/src/gps/install/ublox/share/ublox/cmake/ubloxConfig-version.cmake
[1.274s] -- Symlinking: /home/ubuntu/ros2_ws/src/gps/install/ublox/share/ublox/package.xml
[1.289s] Invoked command in '/home/ubuntu/ros2_ws/src/gps/build/ublox' returned '0': AMENT_PREFIX_PATH=/home/ubuntu/ros2_ws/src/gps/install/ublox_gps:/home/ubuntu/ros2_ws/src/gps/install/ublox_msgs:/home/ubuntu/ros2_ws/src/gps/install/ublox_serialization:/home/ubuntu/ros2_ws/src/gps/install/diagnostic_updater:${AMENT_PREFIX_PATH} CMAKE_PREFIX_PATH=/home/ubuntu/ros2_ws/src/gps/install/ublox_gps:/home/ubuntu/ros2_ws/src/gps/install/ublox_msgs:/home/ubuntu/ros2_ws/src/gps/install/ublox_serialization:/home/ubuntu/ros2_ws/src/gps/install/diagnostic_updater:/home/ubuntu/ros2_ws/src/test/gps/install/ublox_msgs:/home/ubuntu/ros2_ws/src/test/gps/install/ublox_serialization:/home/ubuntu/ros2_ws/src/test/gps/install/self_test:/home/ubuntu/ros2_ws/src/test/gps/install/diagnostic_common_diagnostics:/home/ubuntu/ros2_ws/src/test/gps/install/diagnostic_updater:/home/ubuntu/ros2_ws/src/test/gps/install/diagnostic_aggregator:/opt/ros/humble LD_LIBRARY_PATH=/home/ubuntu/ros2_ws/src/gps/install/ublox_gps/lib:/home/ubuntu/ros2_ws/src/gps/install/ublox_msgs/lib:/home/ubuntu/ros2_ws/src/gps/install/diagnostic_updater/lib:${LD_LIBRARY_PATH} PYTHONPATH=/home/ubuntu/ros2_ws/src/gps/install/ublox_msgs/local/lib/python3.10/dist-packages:/home/ubuntu/ros2_ws/src/gps/install/diagnostic_updater/local/lib/python3.10/dist-packages:${PYTHONPATH} /usr/bin/cmake --install /home/ubuntu/ros2_ws/src/gps/build/ublox
