[0.012s] Invoking command in '/home/ubuntu/ros2_ws/src/gps/build/gps_logger': CMAKE_PREFIX_PATH=${CMAKE_PREFIX_PATH}:/opt/ros/humble /usr/bin/cmake /home/ubuntu/ros2_ws/src/gps/gps_logger/gps_logger -DAMENT_CMAKE_SYMLINK_INSTALL=1 -DCMAKE_INSTALL_PREFIX=/home/ubuntu/ros2_ws/src/gps/install/gps_logger
[0.096s] -- The C compiler identification is GNU 11.4.0
[0.193s] -- The CXX compiler identification is GNU 11.4.0
[0.205s] -- Detecting C compiler ABI info
[0.299s] -- Detecting C compiler ABI info - done
[0.320s] -- Check for working C compiler: /usr/bin/cc - skipped
[0.320s] -- Detecting C compile features
[0.321s] -- Detecting C compile features - done
[0.327s] -- Detecting CXX compiler ABI info
[0.440s] -- Detecting CXX compiler ABI info - done
[0.462s] -- Check for working CXX compiler: /usr/bin/c++ - skipped
[0.463s] -- Detecting CXX compile features
[0.464s] -- Detecting CXX compile features - done
[0.469s] -- Found ament_cmake: 1.3.8 (/opt/ros/humble/share/ament_cmake/cmake)
[0.705s] -- Found Python3: /usr/bin/python3 (found version "3.10.12") found components: Interpreter 
[0.805s] -- Override CMake install command with custom implementation using symlinks instead of copying resources
[0.848s] -- Found sensor_msgs: 4.2.3 (/opt/ros/humble/share/sensor_msgs/cmake)
[0.916s] -- Found rosidl_generator_c: 3.1.5 (/opt/ros/humble/share/rosidl_generator_c/cmake)
[0.926s] -- Found rosidl_adapter: 3.1.5 (/opt/ros/humble/share/rosidl_adapter/cmake)
[0.943s] -- Found rosidl_generator_cpp: 3.1.5 (/opt/ros/humble/share/rosidl_generator_cpp/cmake)
[0.974s] -- Using all available rosidl_typesupport_c: rosidl_typesupport_fastrtps_c;rosidl_typesupport_introspection_c
[1.016s] -- Using all available rosidl_typesupport_cpp: rosidl_typesupport_fastrtps_cpp;rosidl_typesupport_introspection_cpp
[1.499s] -- Found rclcpp: 16.0.8 (/opt/ros/humble/share/rclcpp/cmake)
[1.629s] -- Found rmw_implementation_cmake: 6.1.1 (/opt/ros/humble/share/rmw_implementation_cmake/cmake)
[1.634s] -- Found rmw_fastrtps_cpp: 6.2.6 (/opt/ros/humble/share/rmw_fastrtps_cpp/cmake)
[1.803s] -- Found OpenSSL: /usr/lib/x86_64-linux-gnu/libcrypto.so (found version "3.0.2")  
[1.845s] -- Found FastRTPS: /opt/ros/humble/include  
[1.926s] -- Using RMW implementation 'rmw_fastrtps_cpp' as default
[1.942s] -- Looking for pthread.h
[2.039s] -- Looking for pthread.h - found
[2.039s] -- Performing Test CMAKE_HAVE_LIBC_PTHREAD
[2.136s] -- Performing Test CMAKE_HAVE_LIBC_PTHREAD - Success
[2.138s] -- Found Threads: TRUE  
[2.540s] -- Configuring done
[2.556s] -- Generating done
[2.559s] -- Build files have been written to: /home/ubuntu/ros2_ws/src/gps/build/gps_logger
[2.573s] Invoked command in '/home/ubuntu/ros2_ws/src/gps/build/gps_logger' returned '0': CMAKE_PREFIX_PATH=${CMAKE_PREFIX_PATH}:/opt/ros/humble /usr/bin/cmake /home/ubuntu/ros2_ws/src/gps/gps_logger/gps_logger -DAMENT_CMAKE_SYMLINK_INSTALL=1 -DCMAKE_INSTALL_PREFIX=/home/ubuntu/ros2_ws/src/gps/install/gps_logger
[2.574s] Invoking command in '/home/ubuntu/ros2_ws/src/gps/build/gps_logger': CMAKE_PREFIX_PATH=${CMAKE_PREFIX_PATH}:/opt/ros/humble /usr/bin/cmake --build /home/ubuntu/ros2_ws/src/gps/build/gps_logger -- -j1 -l1
[2.638s] [ 33%] [32mBuilding CXX object CMakeFiles/gps_logger_node.dir/src/main.cpp.o[0m
[6.961s] [ 66%] [32mBuilding CXX object CMakeFiles/gps_logger_node.dir/src/gps_logger.cpp.o[0m
[19.050s] [100%] [32m[1mLinking CXX executable gps_logger_node[0m
[19.639s] [100%] Built target gps_logger_node
[19.653s] Invoked command in '/home/ubuntu/ros2_ws/src/gps/build/gps_logger' returned '0': CMAKE_PREFIX_PATH=${CMAKE_PREFIX_PATH}:/opt/ros/humble /usr/bin/cmake --build /home/ubuntu/ros2_ws/src/gps/build/gps_logger -- -j1 -l1
[19.692s] Invoking command in '/home/ubuntu/ros2_ws/src/gps/build/gps_logger': CMAKE_PREFIX_PATH=${CMAKE_PREFIX_PATH}:/opt/ros/humble /usr/bin/cmake --install /home/ubuntu/ros2_ws/src/gps/build/gps_logger
[19.702s] -- Install configuration: ""
[19.703s] -- Execute custom install script
[19.704s] -- Symlinking: /home/ubuntu/ros2_ws/src/gps/install/gps_logger/lib/gps_logger/gps_logger_node
[19.715s] -- Symlinking: /home/ubuntu/ros2_ws/src/gps/install/gps_logger/share/ament_index/resource_index/package_run_dependencies/gps_logger
[19.726s] -- Symlinking: /home/ubuntu/ros2_ws/src/gps/install/gps_logger/share/ament_index/resource_index/parent_prefix_path/gps_logger
[19.738s] -- Symlinking: /home/ubuntu/ros2_ws/src/gps/install/gps_logger/share/gps_logger/environment/ament_prefix_path.sh
[19.749s] -- Symlinking: /home/ubuntu/ros2_ws/src/gps/install/gps_logger/share/gps_logger/environment/ament_prefix_path.dsv
[19.761s] -- Symlinking: /home/ubuntu/ros2_ws/src/gps/install/gps_logger/share/gps_logger/environment/path.sh
[19.773s] -- Symlinking: /home/ubuntu/ros2_ws/src/gps/install/gps_logger/share/gps_logger/environment/path.dsv
[19.784s] -- Symlinking: /home/ubuntu/ros2_ws/src/gps/install/gps_logger/share/gps_logger/local_setup.bash
[19.796s] -- Symlinking: /home/ubuntu/ros2_ws/src/gps/install/gps_logger/share/gps_logger/local_setup.sh
[19.807s] -- Symlinking: /home/ubuntu/ros2_ws/src/gps/install/gps_logger/share/gps_logger/local_setup.zsh
[19.817s] -- Symlinking: /home/ubuntu/ros2_ws/src/gps/install/gps_logger/share/gps_logger/local_setup.dsv
[19.828s] -- Symlinking: /home/ubuntu/ros2_ws/src/gps/install/gps_logger/share/gps_logger/package.dsv
[19.840s] -- Symlinking: /home/ubuntu/ros2_ws/src/gps/install/gps_logger/share/ament_index/resource_index/packages/gps_logger
[19.850s] -- Symlinking: /home/ubuntu/ros2_ws/src/gps/install/gps_logger/share/gps_logger/cmake/gps_loggerConfig.cmake
[19.861s] -- Symlinking: /home/ubuntu/ros2_ws/src/gps/install/gps_logger/share/gps_logger/cmake/gps_loggerConfig-version.cmake
[19.874s] -- Symlinking: /home/ubuntu/ros2_ws/src/gps/install/gps_logger/share/gps_logger/package.xml
[19.891s] Invoked command in '/home/ubuntu/ros2_ws/src/gps/build/gps_logger' returned '0': CMAKE_PREFIX_PATH=${CMAKE_PREFIX_PATH}:/opt/ros/humble /usr/bin/cmake --install /home/ubuntu/ros2_ws/src/gps/build/gps_logger
