[0.021s] Invoking command in '/home/ubuntu/ros2_ws/src/gps/build/ublox_gps': AMENT_PREFIX_PATH=/home/ubuntu/ros2_ws/src/gps/install/ublox_msgs:/home/ubuntu/ros2_ws/src/gps/install/ublox_serialization:/home/ubuntu/ros2_ws/src/gps/install/diagnostic_updater:${AMENT_PREFIX_PATH} CMAKE_PREFIX_PATH=/home/ubuntu/ros2_ws/src/gps/install/ublox_msgs:/home/ubuntu/ros2_ws/src/gps/install/ublox_serialization:/home/ubuntu/ros2_ws/src/gps/install/diagnostic_updater:/home/ubuntu/ros2_ws/src/test/gps/install/ublox_msgs:/home/ubuntu/ros2_ws/src/test/gps/install/ublox_serialization:/home/ubuntu/ros2_ws/src/test/gps/install/self_test:/home/ubuntu/ros2_ws/src/test/gps/install/diagnostic_common_diagnostics:/home/ubuntu/ros2_ws/src/test/gps/install/diagnostic_updater:/home/ubuntu/ros2_ws/src/test/gps/install/diagnostic_aggregator:/opt/ros/humble LD_LIBRARY_PATH=/home/ubuntu/ros2_ws/src/gps/install/ublox_msgs/lib:/home/ubuntu/ros2_ws/src/gps/install/diagnostic_updater/lib:${LD_LIBRARY_PATH} PYTHONPATH=/home/ubuntu/ros2_ws/src/gps/install/ublox_msgs/local/lib/python3.10/dist-packages:/home/ubuntu/ros2_ws/src/gps/install/diagnostic_updater/local/lib/python3.10/dist-packages:${PYTHONPATH} /usr/bin/cmake /home/ubuntu/ros2_ws/src/gps/ublox-foxy-RTCM-correction-/ublox_gps -DAMENT_CMAKE_SYMLINK_INSTALL=1 -DCMAKE_INSTALL_PREFIX=/home/ubuntu/ros2_ws/src/gps/install/ublox_gps
[0.102s] -- The C compiler identification is GNU 11.4.0
[0.190s] -- The CXX compiler identification is GNU 11.4.0
[0.202s] -- Detecting C compiler ABI info
[0.295s] -- Detecting C compiler ABI info - done
[0.314s] -- Check for working C compiler: /usr/bin/cc - skipped
[0.315s] -- Detecting C compile features
[0.316s] -- Detecting C compile features - done
[0.321s] -- Detecting CXX compiler ABI info
[0.431s] -- Detecting CXX compiler ABI info - done
[0.451s] -- Check for working CXX compiler: /usr/bin/c++ - skipped
[0.452s] -- Detecting CXX compile features
[0.453s] -- Detecting CXX compile features - done
[0.457s] -- Found ament_cmake_ros: 0.10.0 (/opt/ros/humble/share/ament_cmake_ros/cmake)
[0.715s] -- Found Python3: /usr/bin/python3 (found version "3.10.12") found components: Interpreter 
[0.816s] -- Override CMake install command with custom implementation using symlinks instead of copying resources
[0.868s] -- Found asio: /usr/include  
[0.872s] -- Found diagnostic_msgs: 4.2.3 (/opt/ros/humble/share/diagnostic_msgs/cmake)
[0.947s] -- Found rosidl_generator_c: 3.1.5 (/opt/ros/humble/share/rosidl_generator_c/cmake)
[0.958s] -- Found rosidl_adapter: 3.1.5 (/opt/ros/humble/share/rosidl_adapter/cmake)
[0.982s] -- Found rosidl_generator_cpp: 3.1.5 (/opt/ros/humble/share/rosidl_generator_cpp/cmake)
[1.015s] -- Using all available rosidl_typesupport_c: rosidl_typesupport_fastrtps_c;rosidl_typesupport_introspection_c
[1.058s] -- Using all available rosidl_typesupport_cpp: rosidl_typesupport_fastrtps_cpp;rosidl_typesupport_introspection_cpp
[1.340s] -- Found diagnostic_updater: 3.2.0 (/home/ubuntu/ros2_ws/src/gps/install/diagnostic_updater/share/diagnostic_updater/cmake)
[1.485s] -- Found rmw_implementation_cmake: 6.1.1 (/opt/ros/humble/share/rmw_implementation_cmake/cmake)
[1.491s] -- Found rmw_fastrtps_cpp: 6.2.6 (/opt/ros/humble/share/rmw_fastrtps_cpp/cmake)
[1.660s] -- Found OpenSSL: /usr/lib/x86_64-linux-gnu/libcrypto.so (found version "3.0.2")  
[1.706s] -- Found FastRTPS: /opt/ros/humble/include  
[1.786s] -- Using RMW implementation 'rmw_fastrtps_cpp' as default
[1.805s] -- Looking for pthread.h
[1.903s] -- Looking for pthread.h - found
[1.904s] -- Performing Test CMAKE_HAVE_LIBC_PTHREAD
[2.004s] -- Performing Test CMAKE_HAVE_LIBC_PTHREAD - Success
[2.006s] -- Found Threads: TRUE  
[2.335s] -- Found geometry_msgs: 4.2.3 (/opt/ros/humble/share/geometry_msgs/cmake)
[2.441s] -- Found nmea_msgs: 2.0.0 (/opt/ros/humble/share/nmea_msgs/cmake)
[2.541s] -- Found rclcpp_components: 16.0.8 (/opt/ros/humble/share/rclcpp_components/cmake)
[2.690s] -- Found rtcm_msgs: 1.1.6 (/opt/ros/humble/share/rtcm_msgs/cmake)
[2.817s] -- Found sensor_msgs: 4.2.3 (/opt/ros/humble/share/sensor_msgs/cmake)
[3.009s] -- Found mavros_msgs: 2.7.0 (/opt/ros/humble/share/mavros_msgs/cmake)
[3.773s] -- Found tf2: 0.25.6 (/opt/ros/humble/share/tf2/cmake)
[3.791s] -- Found ublox_msgs: 2.1.0 (/home/ubuntu/ros2_ws/src/gps/install/ublox_msgs/share/ublox_msgs/cmake)
[4.014s] -- Found nav_msgs: 4.2.3 (/opt/ros/humble/share/nav_msgs/cmake)
[4.315s] -- Configuring done
[4.442s] -- Generating done
[4.446s] -- Build files have been written to: /home/ubuntu/ros2_ws/src/gps/build/ublox_gps
[4.462s] Invoked command in '/home/ubuntu/ros2_ws/src/gps/build/ublox_gps' returned '0': AMENT_PREFIX_PATH=/home/ubuntu/ros2_ws/src/gps/install/ublox_msgs:/home/ubuntu/ros2_ws/src/gps/install/ublox_serialization:/home/ubuntu/ros2_ws/src/gps/install/diagnostic_updater:${AMENT_PREFIX_PATH} CMAKE_PREFIX_PATH=/home/ubuntu/ros2_ws/src/gps/install/ublox_msgs:/home/ubuntu/ros2_ws/src/gps/install/ublox_serialization:/home/ubuntu/ros2_ws/src/gps/install/diagnostic_updater:/home/ubuntu/ros2_ws/src/test/gps/install/ublox_msgs:/home/ubuntu/ros2_ws/src/test/gps/install/ublox_serialization:/home/ubuntu/ros2_ws/src/test/gps/install/self_test:/home/ubuntu/ros2_ws/src/test/gps/install/diagnostic_common_diagnostics:/home/ubuntu/ros2_ws/src/test/gps/install/diagnostic_updater:/home/ubuntu/ros2_ws/src/test/gps/install/diagnostic_aggregator:/opt/ros/humble LD_LIBRARY_PATH=/home/ubuntu/ros2_ws/src/gps/install/ublox_msgs/lib:/home/ubuntu/ros2_ws/src/gps/install/diagnostic_updater/lib:${LD_LIBRARY_PATH} PYTHONPATH=/home/ubuntu/ros2_ws/src/gps/install/ublox_msgs/local/lib/python3.10/dist-packages:/home/ubuntu/ros2_ws/src/gps/install/diagnostic_updater/local/lib/python3.10/dist-packages:${PYTHONPATH} /usr/bin/cmake /home/ubuntu/ros2_ws/src/gps/ublox-foxy-RTCM-correction-/ublox_gps -DAMENT_CMAKE_SYMLINK_INSTALL=1 -DCMAKE_INSTALL_PREFIX=/home/ubuntu/ros2_ws/src/gps/install/ublox_gps
[4.462s] Invoking command in '/home/ubuntu/ros2_ws/src/gps/build/ublox_gps': AMENT_PREFIX_PATH=/home/ubuntu/ros2_ws/src/gps/install/ublox_msgs:/home/ubuntu/ros2_ws/src/gps/install/ublox_serialization:/home/ubuntu/ros2_ws/src/gps/install/diagnostic_updater:${AMENT_PREFIX_PATH} CMAKE_PREFIX_PATH=/home/ubuntu/ros2_ws/src/gps/install/ublox_msgs:/home/ubuntu/ros2_ws/src/gps/install/ublox_serialization:/home/ubuntu/ros2_ws/src/gps/install/diagnostic_updater:/home/ubuntu/ros2_ws/src/test/gps/install/ublox_msgs:/home/ubuntu/ros2_ws/src/test/gps/install/ublox_serialization:/home/ubuntu/ros2_ws/src/test/gps/install/self_test:/home/ubuntu/ros2_ws/src/test/gps/install/diagnostic_common_diagnostics:/home/ubuntu/ros2_ws/src/test/gps/install/diagnostic_updater:/home/ubuntu/ros2_ws/src/test/gps/install/diagnostic_aggregator:/opt/ros/humble LD_LIBRARY_PATH=/home/ubuntu/ros2_ws/src/gps/install/ublox_msgs/lib:/home/ubuntu/ros2_ws/src/gps/install/diagnostic_updater/lib:${LD_LIBRARY_PATH} PYTHONPATH=/home/ubuntu/ros2_ws/src/gps/install/ublox_msgs/local/lib/python3.10/dist-packages:/home/ubuntu/ros2_ws/src/gps/install/diagnostic_updater/local/lib/python3.10/dist-packages:${PYTHONPATH} /usr/bin/cmake --build /home/ubuntu/ros2_ws/src/gps/build/ublox_gps -- -j1 -l1
[4.536s] [  4%] [32mBuilding CXX object CMakeFiles/ublox_gps.dir/src/adr_udr_product.cpp.o[0m
[19.994s] [  9%] [32mBuilding CXX object CMakeFiles/ublox_gps.dir/src/gnss.cpp.o[0m
[20.411s] [ 13%] [32mBuilding CXX object CMakeFiles/ublox_gps.dir/src/gps.cpp.o[0m
[31.488s] [ 18%] [32mBuilding CXX object CMakeFiles/ublox_gps.dir/src/hp_pos_rec_product.cpp.o[0m
[42.822s] [ 22%] [32mBuilding CXX object CMakeFiles/ublox_gps.dir/src/hpg_ref_product.cpp.o[0m
[54.111s] [ 27%] [32mBuilding CXX object CMakeFiles/ublox_gps.dir/src/hpg_rov_product.cpp.o[0m
[65.150s] [ 31%] [32mBuilding C object CMakeFiles/ublox_gps.dir/src/mkgmtime.c.o[0m
[65.203s] [ 36%] [32mBuilding CXX object CMakeFiles/ublox_gps.dir/src/node.cpp.o[0m
[101.556s] [ 40%] [32mBuilding CXX object CMakeFiles/ublox_gps.dir/src/raw_data_pa.cpp.o[0m
[113.855s] [ 45%] [32mBuilding CXX object CMakeFiles/ublox_gps.dir/src/raw_data_product.cpp.o[0m
[127.451s] [ 50%] [32mBuilding CXX object CMakeFiles/ublox_gps.dir/src/tim_product.cpp.o[0m
[139.497s] [ 54%] [32mBuilding CXX object CMakeFiles/ublox_gps.dir/src/ublox_firmware.cpp.o[0m
[148.063s] [ 59%] [32mBuilding CXX object CMakeFiles/ublox_gps.dir/src/ublox_firmware6.cpp.o[0m
[162.770s] [ 63%] [32mBuilding CXX object CMakeFiles/ublox_gps.dir/src/ublox_firmware7.cpp.o[0m
[174.101s] [ 68%] [32mBuilding CXX object CMakeFiles/ublox_gps.dir/src/ublox_firmware8.cpp.o[0m
[186.579s] [ 72%] [32mBuilding CXX object CMakeFiles/ublox_gps.dir/src/ublox_firmware9.cpp.o[0m
[197.107s] [ 77%] [32m[1mLinking CXX shared library libublox_gps.so[0m
[203.520s] [ 77%] Built target ublox_gps
[203.547s] [ 81%] [32mBuilding CXX object CMakeFiles/ublox_gps_node.dir/src/node_main.cpp.o[0m
[212.267s] [ 86%] [32m[1mLinking CXX executable ublox_gps_node[0m
[214.584s] [ 86%] Built target ublox_gps_node
[214.611s] [ 90%] [32mBuilding CXX object CMakeFiles/ublox_logger.dir/src/logger_node_pa.cpp.o[0m
[218.891s] [ 95%] [32mBuilding CXX object CMakeFiles/ublox_logger.dir/src/raw_data_pa.cpp.o[0m
[231.403s] [100%] [32m[1mLinking CXX executable ublox_logger[0m
[232.296s] [100%] Built target ublox_logger
[232.311s] Invoked command in '/home/ubuntu/ros2_ws/src/gps/build/ublox_gps' returned '0': AMENT_PREFIX_PATH=/home/ubuntu/ros2_ws/src/gps/install/ublox_msgs:/home/ubuntu/ros2_ws/src/gps/install/ublox_serialization:/home/ubuntu/ros2_ws/src/gps/install/diagnostic_updater:${AMENT_PREFIX_PATH} CMAKE_PREFIX_PATH=/home/ubuntu/ros2_ws/src/gps/install/ublox_msgs:/home/ubuntu/ros2_ws/src/gps/install/ublox_serialization:/home/ubuntu/ros2_ws/src/gps/install/diagnostic_updater:/home/ubuntu/ros2_ws/src/test/gps/install/ublox_msgs:/home/ubuntu/ros2_ws/src/test/gps/install/ublox_serialization:/home/ubuntu/ros2_ws/src/test/gps/install/self_test:/home/ubuntu/ros2_ws/src/test/gps/install/diagnostic_common_diagnostics:/home/ubuntu/ros2_ws/src/test/gps/install/diagnostic_updater:/home/ubuntu/ros2_ws/src/test/gps/install/diagnostic_aggregator:/opt/ros/humble LD_LIBRARY_PATH=/home/ubuntu/ros2_ws/src/gps/install/ublox_msgs/lib:/home/ubuntu/ros2_ws/src/gps/install/diagnostic_updater/lib:${LD_LIBRARY_PATH} PYTHONPATH=/home/ubuntu/ros2_ws/src/gps/install/ublox_msgs/local/lib/python3.10/dist-packages:/home/ubuntu/ros2_ws/src/gps/install/diagnostic_updater/local/lib/python3.10/dist-packages:${PYTHONPATH} /usr/bin/cmake --build /home/ubuntu/ros2_ws/src/gps/build/ublox_gps -- -j1 -l1
[232.403s] Invoking command in '/home/ubuntu/ros2_ws/src/gps/build/ublox_gps': AMENT_PREFIX_PATH=/home/ubuntu/ros2_ws/src/gps/install/ublox_msgs:/home/ubuntu/ros2_ws/src/gps/install/ublox_serialization:/home/ubuntu/ros2_ws/src/gps/install/diagnostic_updater:${AMENT_PREFIX_PATH} CMAKE_PREFIX_PATH=/home/ubuntu/ros2_ws/src/gps/install/ublox_msgs:/home/ubuntu/ros2_ws/src/gps/install/ublox_serialization:/home/ubuntu/ros2_ws/src/gps/install/diagnostic_updater:/home/ubuntu/ros2_ws/src/test/gps/install/ublox_msgs:/home/ubuntu/ros2_ws/src/test/gps/install/ublox_serialization:/home/ubuntu/ros2_ws/src/test/gps/install/self_test:/home/ubuntu/ros2_ws/src/test/gps/install/diagnostic_common_diagnostics:/home/ubuntu/ros2_ws/src/test/gps/install/diagnostic_updater:/home/ubuntu/ros2_ws/src/test/gps/install/diagnostic_aggregator:/opt/ros/humble LD_LIBRARY_PATH=/home/ubuntu/ros2_ws/src/gps/install/ublox_msgs/lib:/home/ubuntu/ros2_ws/src/gps/install/diagnostic_updater/lib:${LD_LIBRARY_PATH} PYTHONPATH=/home/ubuntu/ros2_ws/src/gps/install/ublox_msgs/local/lib/python3.10/dist-packages:/home/ubuntu/ros2_ws/src/gps/install/diagnostic_updater/local/lib/python3.10/dist-packages:${PYTHONPATH} /usr/bin/cmake --install /home/ubuntu/ros2_ws/src/gps/build/ublox_gps
[232.414s] -- Install configuration: ""
[232.415s] -- Execute custom install script
[232.416s] -- Symlinking: /home/ubuntu/ros2_ws/src/gps/install/ublox_gps/lib/ublox_gps/ublox_gps_node
[232.428s] -- Symlinking: /home/ubuntu/ros2_ws/src/gps/install/ublox_gps/lib/ublox_gps/ublox_logger
[232.442s] -- Symlinking: /home/ubuntu/ros2_ws/src/gps/install/ublox_gps/include/ublox_gps/ublox_gps/adr_udr_product.hpp
[232.453s] -- Symlinking: /home/ubuntu/ros2_ws/src/gps/install/ublox_gps/include/ublox_gps/ublox_gps/async_worker.hpp
[232.464s] -- Symlinking: /home/ubuntu/ros2_ws/src/gps/install/ublox_gps/include/ublox_gps/ublox_gps/callback.hpp
[232.475s] -- Symlinking: /home/ubuntu/ros2_ws/src/gps/install/ublox_gps/include/ublox_gps/ublox_gps/component_interface.hpp
[232.487s] -- Symlinking: /home/ubuntu/ros2_ws/src/gps/install/ublox_gps/include/ublox_gps/ublox_gps/fix_diagnostic.hpp
[232.498s] -- Symlinking: /home/ubuntu/ros2_ws/src/gps/install/ublox_gps/include/ublox_gps/ublox_gps/fts_product.hpp
[232.509s] -- Symlinking: /home/ubuntu/ros2_ws/src/gps/install/ublox_gps/include/ublox_gps/ublox_gps/gnss.hpp
[232.520s] -- Symlinking: /home/ubuntu/ros2_ws/src/gps/install/ublox_gps/include/ublox_gps/ublox_gps/gps.hpp
[232.534s] -- Symlinking: /home/ubuntu/ros2_ws/src/gps/install/ublox_gps/include/ublox_gps/ublox_gps/hp_pos_rec_product.hpp
[232.546s] -- Symlinking: /home/ubuntu/ros2_ws/src/gps/install/ublox_gps/include/ublox_gps/ublox_gps/hpg_ref_product.hpp
[232.557s] -- Symlinking: /home/ubuntu/ros2_ws/src/gps/install/ublox_gps/include/ublox_gps/ublox_gps/hpg_rov_product.hpp
[232.568s] -- Symlinking: /home/ubuntu/ros2_ws/src/gps/install/ublox_gps/include/ublox_gps/ublox_gps/mkgmtime.h
[232.579s] -- Symlinking: /home/ubuntu/ros2_ws/src/gps/install/ublox_gps/include/ublox_gps/ublox_gps/node.hpp
[232.590s] -- Symlinking: /home/ubuntu/ros2_ws/src/gps/install/ublox_gps/include/ublox_gps/ublox_gps/raw_data_pa.hpp
[232.601s] -- Symlinking: /home/ubuntu/ros2_ws/src/gps/install/ublox_gps/include/ublox_gps/ublox_gps/raw_data_product.hpp
[232.612s] -- Symlinking: /home/ubuntu/ros2_ws/src/gps/install/ublox_gps/include/ublox_gps/ublox_gps/rtcm.hpp
[232.623s] -- Symlinking: /home/ubuntu/ros2_ws/src/gps/install/ublox_gps/include/ublox_gps/ublox_gps/tim_product.hpp
[232.637s] -- Symlinking: /home/ubuntu/ros2_ws/src/gps/install/ublox_gps/include/ublox_gps/ublox_gps/ublox_firmware.hpp
[232.649s] -- Symlinking: /home/ubuntu/ros2_ws/src/gps/install/ublox_gps/include/ublox_gps/ublox_gps/ublox_firmware6.hpp
[232.662s] -- Symlinking: /home/ubuntu/ros2_ws/src/gps/install/ublox_gps/include/ublox_gps/ublox_gps/ublox_firmware7.hpp
[232.673s] -- Symlinking: /home/ubuntu/ros2_ws/src/gps/install/ublox_gps/include/ublox_gps/ublox_gps/ublox_firmware7plus.hpp
[232.684s] -- Symlinking: /home/ubuntu/ros2_ws/src/gps/install/ublox_gps/include/ublox_gps/ublox_gps/ublox_firmware8.hpp
[232.695s] -- Symlinking: /home/ubuntu/ros2_ws/src/gps/install/ublox_gps/include/ublox_gps/ublox_gps/ublox_firmware9.hpp
[232.707s] -- Symlinking: /home/ubuntu/ros2_ws/src/gps/install/ublox_gps/include/ublox_gps/ublox_gps/ublox_topic_diagnostic.hpp
[232.718s] -- Symlinking: /home/ubuntu/ros2_ws/src/gps/install/ublox_gps/include/ublox_gps/ublox_gps/utils.hpp
[232.731s] -- Symlinking: /home/ubuntu/ros2_ws/src/gps/install/ublox_gps/include/ublox_gps/ublox_gps/worker.hpp
[232.745s] -- Symlinking: /home/ubuntu/ros2_ws/src/gps/install/ublox_gps/share/ublox_gps/launch/ublox_gps_node-composed-launch.py
[232.756s] -- Symlinking: /home/ubuntu/ros2_ws/src/gps/install/ublox_gps/share/ublox_gps/launch/ublox_gps_node-launch.py
[232.768s] -- Symlinking: /home/ubuntu/ros2_ws/src/gps/install/ublox_gps/share/ublox_gps/config/c94_m8p_base.yaml
[232.779s] -- Symlinking: /home/ubuntu/ros2_ws/src/gps/install/ublox_gps/share/ublox_gps/config/c94_m8p_rover.yaml
[232.790s] -- Symlinking: /home/ubuntu/ros2_ws/src/gps/install/ublox_gps/share/ublox_gps/config/c94_m8t_base.yaml
[232.801s] -- Symlinking: /home/ubuntu/ros2_ws/src/gps/install/ublox_gps/share/ublox_gps/config/c94_m8t_rover.yaml
[232.812s] -- Symlinking: /home/ubuntu/ros2_ws/src/gps/install/ublox_gps/share/ublox_gps/config/neo_m8u_rover.yaml
[232.823s] -- Symlinking: /home/ubuntu/ros2_ws/src/gps/install/ublox_gps/share/ublox_gps/config/nmea.yaml
[232.836s] -- Symlinking: /home/ubuntu/ros2_ws/src/gps/install/ublox_gps/share/ublox_gps/config/zed-f9p.yaml
[232.848s] -- Symlinking: /home/ubuntu/ros2_ws/src/gps/install/ublox_gps/share/ublox_gps/config/zed-f9p.yaml_240228
[232.859s] -- Symlinking: /home/ubuntu/ros2_ws/src/gps/install/ublox_gps/share/ublox_gps/config/zed_f9p.yaml
[232.870s] -- Symlinking: /home/ubuntu/ros2_ws/src/gps/install/ublox_gps/share/ublox_gps/config/zed_f9p_bak.yaml
[232.882s] -- Symlinking: /home/ubuntu/ros2_ws/src/gps/install/ublox_gps/share/ament_index/resource_index/package_run_dependencies/ublox_gps
[232.893s] -- Symlinking: /home/ubuntu/ros2_ws/src/gps/install/ublox_gps/share/ament_index/resource_index/parent_prefix_path/ublox_gps
[232.905s] -- Symlinking: /home/ubuntu/ros2_ws/src/gps/install/ublox_gps/share/ublox_gps/environment/ament_prefix_path.sh
[232.916s] -- Symlinking: /home/ubuntu/ros2_ws/src/gps/install/ublox_gps/share/ublox_gps/environment/ament_prefix_path.dsv
[232.929s] -- Symlinking: /home/ubuntu/ros2_ws/src/gps/install/ublox_gps/share/ublox_gps/environment/path.sh
[232.941s] -- Symlinking: /home/ubuntu/ros2_ws/src/gps/install/ublox_gps/share/ublox_gps/environment/path.dsv
[232.953s] -- Symlinking: /home/ubuntu/ros2_ws/src/gps/install/ublox_gps/share/ublox_gps/local_setup.bash
[232.964s] -- Symlinking: /home/ubuntu/ros2_ws/src/gps/install/ublox_gps/share/ublox_gps/local_setup.sh
[232.976s] -- Symlinking: /home/ubuntu/ros2_ws/src/gps/install/ublox_gps/share/ublox_gps/local_setup.zsh
[232.987s] -- Symlinking: /home/ubuntu/ros2_ws/src/gps/install/ublox_gps/share/ublox_gps/local_setup.dsv
[233.001s] -- Symlinking: /home/ubuntu/ros2_ws/src/gps/install/ublox_gps/share/ublox_gps/package.dsv
[233.017s] -- Symlinking: /home/ubuntu/ros2_ws/src/gps/install/ublox_gps/share/ament_index/resource_index/packages/ublox_gps
[233.030s] -- Symlinking: /home/ubuntu/ros2_ws/src/gps/install/ublox_gps/share/ament_index/resource_index/rclcpp_components/ublox_gps
[233.042s] -- Symlinking: /home/ubuntu/ros2_ws/src/gps/install/ublox_gps/share/ublox_gps/cmake/ament_cmake_export_include_directories-extras.cmake
[233.057s] -- Symlinking: /home/ubuntu/ros2_ws/src/gps/install/ublox_gps/share/ublox_gps/cmake/ament_cmake_export_targets-extras.cmake
[233.076s] -- Symlinking: /home/ubuntu/ros2_ws/src/gps/install/ublox_gps/share/ublox_gps/cmake/ublox_gpsConfig.cmake
[233.087s] -- Symlinking: /home/ubuntu/ros2_ws/src/gps/install/ublox_gps/share/ublox_gps/cmake/ublox_gpsConfig-version.cmake
[233.098s] -- Symlinking: /home/ubuntu/ros2_ws/src/gps/install/ublox_gps/share/ublox_gps/package.xml
[233.109s] -- Installing: /home/ubuntu/ros2_ws/src/gps/install/ublox_gps/lib/libublox_gps.so
[233.151s] -- Set runtime path of "/home/ubuntu/ros2_ws/src/gps/install/ublox_gps/lib/libublox_gps.so" to ""
[233.151s] -- Installing: /home/ubuntu/ros2_ws/src/gps/install/ublox_gps/share/ublox_gps/cmake/export_ublox_gpsExport.cmake
[233.152s] -- Installing: /home/ubuntu/ros2_ws/src/gps/install/ublox_gps/share/ublox_gps/cmake/export_ublox_gpsExport-noconfig.cmake
[233.156s] Invoked command in '/home/ubuntu/ros2_ws/src/gps/build/ublox_gps' returned '0': AMENT_PREFIX_PATH=/home/ubuntu/ros2_ws/src/gps/install/ublox_msgs:/home/ubuntu/ros2_ws/src/gps/install/ublox_serialization:/home/ubuntu/ros2_ws/src/gps/install/diagnostic_updater:${AMENT_PREFIX_PATH} CMAKE_PREFIX_PATH=/home/ubuntu/ros2_ws/src/gps/install/ublox_msgs:/home/ubuntu/ros2_ws/src/gps/install/ublox_serialization:/home/ubuntu/ros2_ws/src/gps/install/diagnostic_updater:/home/ubuntu/ros2_ws/src/test/gps/install/ublox_msgs:/home/ubuntu/ros2_ws/src/test/gps/install/ublox_serialization:/home/ubuntu/ros2_ws/src/test/gps/install/self_test:/home/ubuntu/ros2_ws/src/test/gps/install/diagnostic_common_diagnostics:/home/ubuntu/ros2_ws/src/test/gps/install/diagnostic_updater:/home/ubuntu/ros2_ws/src/test/gps/install/diagnostic_aggregator:/opt/ros/humble LD_LIBRARY_PATH=/home/ubuntu/ros2_ws/src/gps/install/ublox_msgs/lib:/home/ubuntu/ros2_ws/src/gps/install/diagnostic_updater/lib:${LD_LIBRARY_PATH} PYTHONPATH=/home/ubuntu/ros2_ws/src/gps/install/ublox_msgs/local/lib/python3.10/dist-packages:/home/ubuntu/ros2_ws/src/gps/install/diagnostic_updater/local/lib/python3.10/dist-packages:${PYTHONPATH} /usr/bin/cmake --install /home/ubuntu/ros2_ws/src/gps/build/ublox_gps
