[0.012s] Invoking command in '/home/ubuntu/ros2_ws/src/gps/build/diagnostic_updater': CMAKE_PREFIX_PATH=${CMAKE_PREFIX_PATH}:/opt/ros/humble /usr/bin/cmake /home/ubuntu/ros2_ws/src/gps/diagnostics/diagnostic_updater -DAMENT_CMAKE_SYMLINK_INSTALL=1 -DCMAKE_INSTALL_PREFIX=/home/ubuntu/ros2_ws/src/gps/install/diagnostic_updater
[0.089s] -- The C compiler identification is GNU 11.4.0
[0.171s] -- The CXX compiler identification is GNU 11.4.0
[0.182s] -- Detecting C compiler ABI info
[0.271s] -- Detecting C compiler ABI info - done
[0.290s] -- Check for working C compiler: /usr/bin/cc - skipped
[0.290s] -- Detecting C compile features
[0.291s] -- Detecting C compile features - done
[0.297s] -- Detecting CXX compiler ABI info
[0.405s] -- Detecting CXX compiler ABI info - done
[0.426s] -- Check for working CXX compiler: /usr/bin/c++ - skipped
[0.427s] -- Detecting CXX compile features
[0.428s] -- Detecting CXX compile features - done
[0.432s] -- Found ament_cmake: 1.3.8 (/opt/ros/humble/share/ament_cmake/cmake)
[0.660s] -- Found Python3: /usr/bin/python3 (found version "3.10.12") found components: Interpreter 
[0.756s] -- Override CMake install command with custom implementation using symlinks instead of copying resources
[0.797s] -- Found diagnostic_msgs: 4.2.3 (/opt/ros/humble/share/diagnostic_msgs/cmake)
[0.864s] -- Found rosidl_generator_c: 3.1.5 (/opt/ros/humble/share/rosidl_generator_c/cmake)
[0.873s] -- Found rosidl_adapter: 3.1.5 (/opt/ros/humble/share/rosidl_adapter/cmake)
[0.889s] -- Found rosidl_generator_cpp: 3.1.5 (/opt/ros/humble/share/rosidl_generator_cpp/cmake)
[0.919s] -- Using all available rosidl_typesupport_c: rosidl_typesupport_fastrtps_c;rosidl_typesupport_introspection_c
[0.960s] -- Using all available rosidl_typesupport_cpp: rosidl_typesupport_fastrtps_cpp;rosidl_typesupport_introspection_cpp
[1.233s] -- Found rclcpp: 16.0.8 (/opt/ros/humble/share/rclcpp/cmake)
[1.358s] -- Found rmw_implementation_cmake: 6.1.1 (/opt/ros/humble/share/rmw_implementation_cmake/cmake)
[1.363s] -- Found rmw_fastrtps_cpp: 6.2.6 (/opt/ros/humble/share/rmw_fastrtps_cpp/cmake)
[1.523s] -- Found OpenSSL: /usr/lib/x86_64-linux-gnu/libcrypto.so (found version "3.0.2")  
[1.564s] -- Found FastRTPS: /opt/ros/humble/include  
[1.642s] -- Using RMW implementation 'rmw_fastrtps_cpp' as default
[1.659s] -- Looking for pthread.h
[1.750s] -- Looking for pthread.h - found
[1.751s] -- Performing Test CMAKE_HAVE_LIBC_PTHREAD
[1.845s] -- Performing Test CMAKE_HAVE_LIBC_PTHREAD - Success
[1.848s] -- Found Threads: TRUE  
[2.137s] -- Found rclpy: 3.3.12 (/opt/ros/humble/share/rclpy/cmake)
[2.144s] -- Found ament_lint_auto: 0.12.10 (/opt/ros/humble/share/ament_lint_auto/cmake)
[2.446s] -- Found gtest sources under '/opt/ros/humble/src/gtest_vendor': C++ tests using 'Google Test' will be built
[4.036s] -- Added test 'cppcheck' to perform static code analysis on C / C++ code
[4.037s] -- Configured cppcheck include dirs: $<BUILD_INTERFACE:/home/ubuntu/ros2_ws/src/gps/diagnostics/diagnostic_updater/include>
[4.037s] -- Configured cppcheck exclude dirs and/or files: 
[4.040s] -- Added test 'cpplint' to check C / C++ code against the Google style
[4.040s] -- Configured cpplint exclude dirs and/or files: 
[4.041s] -- Added test 'lint_cmake' to check CMake code style
[4.043s] -- Added test 'pep257' to check Python code against some of the docstring style conventions in PEP 257
[4.045s] -- Added test 'uncrustify' to check C / C++ code style
[4.045s] -- Configured uncrustify additional arguments: 
[4.046s] -- Added test 'xmllint' to check XML markup files
[4.052s] -- Configuring done
[4.089s] -- Generating done
[4.093s] -- Build files have been written to: /home/ubuntu/ros2_ws/src/gps/build/diagnostic_updater
[4.108s] Invoked command in '/home/ubuntu/ros2_ws/src/gps/build/diagnostic_updater' returned '0': CMAKE_PREFIX_PATH=${CMAKE_PREFIX_PATH}:/opt/ros/humble /usr/bin/cmake /home/ubuntu/ros2_ws/src/gps/diagnostics/diagnostic_updater -DAMENT_CMAKE_SYMLINK_INSTALL=1 -DCMAKE_INSTALL_PREFIX=/home/ubuntu/ros2_ws/src/gps/install/diagnostic_updater
[4.108s] Invoking command in '/home/ubuntu/ros2_ws/src/gps/build/diagnostic_updater': CMAKE_PREFIX_PATH=${CMAKE_PREFIX_PATH}:/opt/ros/humble /usr/bin/cmake --build /home/ubuntu/ros2_ws/src/gps/build/diagnostic_updater -- -j1 -l1
[4.174s] [  8%] [32mBuilding CXX object CMakeFiles/example.dir/src/example.cpp.o[0m
[11.643s] [ 16%] [32m[1mLinking CXX executable example[0m
[11.978s] [ 16%] Built target example
[12.002s] [ 25%] [32mBuilding CXX object gtest/CMakeFiles/gtest_main.dir/src/gtest_main.cc.o[0m
[12.861s] [ 33%] [32m[1mLinking CXX static library libgtest_main.a[0m
[12.900s] [ 33%] Built target gtest_main
[12.924s] [ 41%] [32mBuilding CXX object gtest/CMakeFiles/gtest.dir/src/gtest-all.cc.o[0m
[16.993s] [ 50%] [32m[1mLinking CXX static library libgtest.a[0m
[17.078s] [ 50%] Built target gtest
[17.104s] [ 58%] [32mBuilding CXX object CMakeFiles/diagnostic_updater_test.dir/test/diagnostic_updater_test.cpp.o[0m
[25.330s] [ 66%] [32m[1mLinking CXX executable diagnostic_updater_test[0m
[25.778s] [ 66%] Built target diagnostic_updater_test
[25.802s] [ 75%] [32mBuilding CXX object CMakeFiles/diagnostic_status_wrapper_test.dir/test/diagnostic_status_wrapper_test.cpp.o[0m
[31.287s] [ 83%] [32m[1mLinking CXX executable diagnostic_status_wrapper_test[0m
[31.588s] [ 83%] Built target diagnostic_status_wrapper_test
[31.613s] [ 91%] [32mBuilding CXX object CMakeFiles/status_msg_test.dir/test/status_msg_test.cpp.o[0m
[45.968s] [100%] [32m[1mLinking CXX executable status_msg_test[0m
[46.714s] [100%] Built target status_msg_test
[46.748s] [100%] Built target ament_cmake_python_symlink_diagnostic_updater
[47.169s] running egg_info
[47.170s] creating diagnostic_updater.egg-info
[47.171s] writing diagnostic_updater.egg-info/PKG-INFO
[47.171s] writing dependency_links to diagnostic_updater.egg-info/dependency_links.txt
[47.171s] writing top-level names to diagnostic_updater.egg-info/top_level.txt
[47.172s] writing manifest file 'diagnostic_updater.egg-info/SOURCES.txt'
[47.175s] reading manifest file 'diagnostic_updater.egg-info/SOURCES.txt'
[47.176s] writing manifest file 'diagnostic_updater.egg-info/SOURCES.txt'
[47.208s] [100%] Built target ament_cmake_python_build_diagnostic_updater_egg
[47.222s] Invoked command in '/home/ubuntu/ros2_ws/src/gps/build/diagnostic_updater' returned '0': CMAKE_PREFIX_PATH=${CMAKE_PREFIX_PATH}:/opt/ros/humble /usr/bin/cmake --build /home/ubuntu/ros2_ws/src/gps/build/diagnostic_updater -- -j1 -l1
[47.282s] Invoking command in '/home/ubuntu/ros2_ws/src/gps/build/diagnostic_updater': CMAKE_PREFIX_PATH=${CMAKE_PREFIX_PATH}:/opt/ros/humble /usr/bin/cmake --install /home/ubuntu/ros2_ws/src/gps/build/diagnostic_updater
[47.292s] -- Install configuration: ""
[47.293s] -- Execute custom install script
[47.293s] -- Symlinking: /home/ubuntu/ros2_ws/src/gps/install/diagnostic_updater/share/diagnostic_updater/environment/pythonpath.sh
[47.305s] -- Symlinking: /home/ubuntu/ros2_ws/src/gps/install/diagnostic_updater/share/diagnostic_updater/environment/pythonpath.dsv
[47.316s] -- Symlinking: /home/ubuntu/ros2_ws/src/gps/install/diagnostic_updater/local/lib/python3.10/dist-packages/diagnostic_updater-3.2.0-py3.10.egg-info/PKG-INFO
[47.327s] -- Symlinking: /home/ubuntu/ros2_ws/src/gps/install/diagnostic_updater/local/lib/python3.10/dist-packages/diagnostic_updater-3.2.0-py3.10.egg-info/SOURCES.txt
[47.338s] -- Symlinking: /home/ubuntu/ros2_ws/src/gps/install/diagnostic_updater/local/lib/python3.10/dist-packages/diagnostic_updater-3.2.0-py3.10.egg-info/dependency_links.txt
[47.348s] -- Symlinking: /home/ubuntu/ros2_ws/src/gps/install/diagnostic_updater/local/lib/python3.10/dist-packages/diagnostic_updater-3.2.0-py3.10.egg-info/top_level.txt
[47.359s] -- Symlinking: /home/ubuntu/ros2_ws/src/gps/install/diagnostic_updater/local/lib/python3.10/dist-packages/diagnostic_updater/__init__.py
[47.371s] -- Symlinking: /home/ubuntu/ros2_ws/src/gps/install/diagnostic_updater/local/lib/python3.10/dist-packages/diagnostic_updater/_diagnostic_status_wrapper.py
[47.381s] -- Symlinking: /home/ubuntu/ros2_ws/src/gps/install/diagnostic_updater/local/lib/python3.10/dist-packages/diagnostic_updater/_diagnostic_updater.py
[47.392s] -- Symlinking: /home/ubuntu/ros2_ws/src/gps/install/diagnostic_updater/local/lib/python3.10/dist-packages/diagnostic_updater/_publisher.py
[47.402s] -- Symlinking: /home/ubuntu/ros2_ws/src/gps/install/diagnostic_updater/local/lib/python3.10/dist-packages/diagnostic_updater/_update_functions.py
[47.413s] -- Symlinking: /home/ubuntu/ros2_ws/src/gps/install/diagnostic_updater/local/lib/python3.10/dist-packages/diagnostic_updater/example.py
[47.424s] -- Symlinking: /home/ubuntu/ros2_ws/src/gps/install/diagnostic_updater/lib/diagnostic_updater/example.py
[47.436s] -- Symlinking: /home/ubuntu/ros2_ws/src/gps/install/diagnostic_updater/lib/diagnostic_updater/example
[47.446s] -- Symlinking: /home/ubuntu/ros2_ws/src/gps/install/diagnostic_updater/include/diagnostic_updater/diagnostic_status_wrapper.hpp
[47.457s] -- Symlinking: /home/ubuntu/ros2_ws/src/gps/install/diagnostic_updater/include/diagnostic_updater/diagnostic_updater.hpp
[47.468s] -- Symlinking: /home/ubuntu/ros2_ws/src/gps/install/diagnostic_updater/include/diagnostic_updater/publisher.hpp
[47.479s] -- Symlinking: /home/ubuntu/ros2_ws/src/gps/install/diagnostic_updater/include/diagnostic_updater/update_functions.hpp
[47.489s] -- Symlinking: /home/ubuntu/ros2_ws/src/gps/install/diagnostic_updater/share/diagnostic_updater/environment/library_path.sh
[47.500s] -- Symlinking: /home/ubuntu/ros2_ws/src/gps/install/diagnostic_updater/share/diagnostic_updater/environment/library_path.dsv
[47.511s] -- Symlinking: /home/ubuntu/ros2_ws/src/gps/install/diagnostic_updater/share/ament_index/resource_index/package_run_dependencies/diagnostic_updater
[47.521s] -- Symlinking: /home/ubuntu/ros2_ws/src/gps/install/diagnostic_updater/share/ament_index/resource_index/parent_prefix_path/diagnostic_updater
[47.534s] -- Symlinking: /home/ubuntu/ros2_ws/src/gps/install/diagnostic_updater/share/diagnostic_updater/environment/ament_prefix_path.sh
[47.544s] -- Symlinking: /home/ubuntu/ros2_ws/src/gps/install/diagnostic_updater/share/diagnostic_updater/environment/ament_prefix_path.dsv
[47.555s] -- Symlinking: /home/ubuntu/ros2_ws/src/gps/install/diagnostic_updater/share/diagnostic_updater/environment/path.sh
[47.566s] -- Symlinking: /home/ubuntu/ros2_ws/src/gps/install/diagnostic_updater/share/diagnostic_updater/environment/path.dsv
[47.577s] -- Symlinking: /home/ubuntu/ros2_ws/src/gps/install/diagnostic_updater/share/diagnostic_updater/local_setup.bash
[47.587s] -- Symlinking: /home/ubuntu/ros2_ws/src/gps/install/diagnostic_updater/share/diagnostic_updater/local_setup.sh
[47.598s] -- Symlinking: /home/ubuntu/ros2_ws/src/gps/install/diagnostic_updater/share/diagnostic_updater/local_setup.zsh
[47.608s] -- Symlinking: /home/ubuntu/ros2_ws/src/gps/install/diagnostic_updater/share/diagnostic_updater/local_setup.dsv
[47.618s] -- Symlinking: /home/ubuntu/ros2_ws/src/gps/install/diagnostic_updater/share/diagnostic_updater/package.dsv
[47.633s] -- Symlinking: /home/ubuntu/ros2_ws/src/gps/install/diagnostic_updater/share/ament_index/resource_index/packages/diagnostic_updater
[47.645s] -- Symlinking: /home/ubuntu/ros2_ws/src/gps/install/diagnostic_updater/share/diagnostic_updater/cmake/ament_cmake_export_targets-extras.cmake
[47.655s] -- Symlinking: /home/ubuntu/ros2_ws/src/gps/install/diagnostic_updater/share/diagnostic_updater/cmake/ament_cmake_export_include_directories-extras.cmake
[47.666s] -- Symlinking: /home/ubuntu/ros2_ws/src/gps/install/diagnostic_updater/share/diagnostic_updater/cmake/ament_cmake_export_dependencies-extras.cmake
[47.677s] -- Symlinking: /home/ubuntu/ros2_ws/src/gps/install/diagnostic_updater/share/diagnostic_updater/cmake/diagnostic_updaterConfig.cmake
[47.687s] -- Symlinking: /home/ubuntu/ros2_ws/src/gps/install/diagnostic_updater/share/diagnostic_updater/cmake/diagnostic_updaterConfig-version.cmake
[47.697s] -- Symlinking: /home/ubuntu/ros2_ws/src/gps/install/diagnostic_updater/share/diagnostic_updater/package.xml
[47.764s] Listing '/home/ubuntu/ros2_ws/src/gps/install/diagnostic_updater/local/lib/python3.10/dist-packages/diagnostic_updater'...
[47.764s] Compiling '/home/ubuntu/ros2_ws/src/gps/install/diagnostic_updater/local/lib/python3.10/dist-packages/diagnostic_updater/__init__.py'...
[47.764s] Compiling '/home/ubuntu/ros2_ws/src/gps/install/diagnostic_updater/local/lib/python3.10/dist-packages/diagnostic_updater/_diagnostic_status_wrapper.py'...
[47.764s] Compiling '/home/ubuntu/ros2_ws/src/gps/install/diagnostic_updater/local/lib/python3.10/dist-packages/diagnostic_updater/_diagnostic_updater.py'...
[47.764s] Compiling '/home/ubuntu/ros2_ws/src/gps/install/diagnostic_updater/local/lib/python3.10/dist-packages/diagnostic_updater/_publisher.py'...
[47.764s] Compiling '/home/ubuntu/ros2_ws/src/gps/install/diagnostic_updater/local/lib/python3.10/dist-packages/diagnostic_updater/_update_functions.py'...
[47.764s] Compiling '/home/ubuntu/ros2_ws/src/gps/install/diagnostic_updater/local/lib/python3.10/dist-packages/diagnostic_updater/example.py'...
[47.771s] -- Installing: /home/ubuntu/ros2_ws/src/gps/install/diagnostic_updater/share/diagnostic_updater/cmake/diagnostic_updaterTargetsExport.cmake
[47.775s] Invoked command in '/home/ubuntu/ros2_ws/src/gps/build/diagnostic_updater' returned '0': CMAKE_PREFIX_PATH=${CMAKE_PREFIX_PATH}:/opt/ros/humble /usr/bin/cmake --install /home/ubuntu/ros2_ws/src/gps/build/diagnostic_updater
